This is pdfTeX, Version 3.141592653-2.6-1.40.26 (TeX Live 2024/nixos.org) (preloaded format=pdflatex)
 restricted \write18 enabled.
entering extended mode
(./results/syntax_tree.tex
LaTeX2e <2024-06-01> patch level 2
L3 programming layer <2024-10-09>

(/nix/store/sc5p4q3ajvk3586nnrj1iw87698zpgwl-texlive-2024-env-texmfdist/tex/lat
ex/base/article.cls
Document Class: article 2024/02/08 v1.4n Standard LaTeX document class

(/nix/store/sc5p4q3ajvk3586nnrj1iw87698zpgwl-texlive-2024-env-texmfdist/tex/lat
ex/base/size10.clo))
(/nix/store/sc5p4q3ajvk3586nnrj1iw87698zpgwl-texlive-2024-env-texmfdist/tex/lat
ex/base/inputenc.sty)
(/nix/store/sc5p4q3ajvk3586nnrj1iw87698zpgwl-texlive-2024-env-texmfdist/tex/lat
ex/base/fontenc.sty)
(/nix/store/sc5p4q3ajvk3586nnrj1iw87698zpgwl-texlive-2024-env-texmfdist/tex/lat
ex/geometry/geometry.sty
(/nix/store/sc5p4q3ajvk3586nnrj1iw87698zpgwl-texlive-2024-env-texmfdist/tex/lat
ex/graphics/keyval.sty)
(/nix/store/sc5p4q3ajvk3586nnrj1iw87698zpgwl-texlive-2024-env-texmfdist/tex/gen
eric/iftex/ifvtex.sty
(/nix/store/sc5p4q3ajvk3586nnrj1iw87698zpgwl-texlive-2024-env-texmfdist/tex/gen
eric/iftex/iftex.sty)))
(/nix/store/sc5p4q3ajvk3586nnrj1iw87698zpgwl-texlive-2024-env-texmfdist/tex/lat
ex/tikz-qtree/tikz-qtree.sty
(/nix/store/sc5p4q3ajvk3586nnrj1iw87698zpgwl-texlive-2024-env-texmfdist/tex/lat
ex/pgf/frontendlayer/tikz.sty
(/nix/store/sc5p4q3ajvk3586nnrj1iw87698zpgwl-texlive-2024-env-texmfdist/tex/lat
ex/pgf/basiclayer/pgf.sty
(/nix/store/sc5p4q3ajvk3586nnrj1iw87698zpgwl-texlive-2024-env-texmfdist/tex/lat
ex/pgf/utilities/pgfrcs.sty
(/nix/store/sc5p4q3ajvk3586nnrj1iw87698zpgwl-texlive-2024-env-texmfdist/tex/gen
eric/pgf/utilities/pgfutil-common.tex)
(/nix/store/sc5p4q3ajvk3586nnrj1iw87698zpgwl-texlive-2024-env-texmfdist/tex/gen
eric/pgf/utilities/pgfutil-latex.def)
(/nix/store/sc5p4q3ajvk3586nnrj1iw87698zpgwl-texlive-2024-env-texmfdist/tex/gen
eric/pgf/utilities/pgfrcs.code.tex
(/nix/store/sc5p4q3ajvk3586nnrj1iw87698zpgwl-texlive-2024-env-texmfdist/tex/gen
eric/pgf/pgf.revision.tex)))
(/nix/store/sc5p4q3ajvk3586nnrj1iw87698zpgwl-texlive-2024-env-texmfdist/tex/lat
ex/pgf/basiclayer/pgfcore.sty
(/nix/store/sc5p4q3ajvk3586nnrj1iw87698zpgwl-texlive-2024-env-texmfdist/tex/lat
ex/graphics/graphicx.sty
(/nix/store/sc5p4q3ajvk3586nnrj1iw87698zpgwl-texlive-2024-env-texmfdist/tex/lat
ex/graphics/graphics.sty
(/nix/store/sc5p4q3ajvk3586nnrj1iw87698zpgwl-texlive-2024-env-texmfdist/tex/lat
ex/graphics/trig.sty)
(/nix/store/sc5p4q3ajvk3586nnrj1iw87698zpgwl-texlive-2024-env-texmfdist/tex/lat
ex/graphics-cfg/graphics.cfg)
(/nix/store/sc5p4q3ajvk3586nnrj1iw87698zpgwl-texlive-2024-env-texmfdist/tex/lat
ex/graphics-def/pdftex.def)))
(/nix/store/sc5p4q3ajvk3586nnrj1iw87698zpgwl-texlive-2024-env-texmfdist/tex/lat
ex/pgf/systemlayer/pgfsys.sty
(/nix/store/sc5p4q3ajvk3586nnrj1iw87698zpgwl-texlive-2024-env-texmfdist/tex/gen
eric/pgf/systemlayer/pgfsys.code.tex
(/nix/store/sc5p4q3ajvk3586nnrj1iw87698zpgwl-texlive-2024-env-texmfdist/tex/gen
eric/pgf/utilities/pgfkeys.code.tex
(/nix/store/sc5p4q3ajvk3586nnrj1iw87698zpgwl-texlive-2024-env-texmfdist/tex/gen
eric/pgf/utilities/pgfkeyslibraryfiltered.code.tex))
(/nix/store/sc5p4q3ajvk3586nnrj1iw87698zpgwl-texlive-2024-env-texmfdist/tex/gen
eric/pgf/systemlayer/pgf.cfg)
(/nix/store/sc5p4q3ajvk3586nnrj1iw87698zpgwl-texlive-2024-env-texmfdist/tex/gen
eric/pgf/systemlayer/pgfsys-pdftex.def
(/nix/store/sc5p4q3ajvk3586nnrj1iw87698zpgwl-texlive-2024-env-texmfdist/tex/gen
eric/pgf/systemlayer/pgfsys-common-pdf.def)))
(/nix/store/sc5p4q3ajvk3586nnrj1iw87698zpgwl-texlive-2024-env-texmfdist/tex/gen
eric/pgf/systemlayer/pgfsyssoftpath.code.tex)
(/nix/store/sc5p4q3ajvk3586nnrj1iw87698zpgwl-texlive-2024-env-texmfdist/tex/gen
eric/pgf/systemlayer/pgfsysprotocol.code.tex))
(/nix/store/sc5p4q3ajvk3586nnrj1iw87698zpgwl-texlive-2024-env-texmfdist/tex/lat
ex/xcolor/xcolor.sty
(/nix/store/sc5p4q3ajvk3586nnrj1iw87698zpgwl-texlive-2024-env-texmfdist/tex/lat
ex/graphics-cfg/color.cfg)
(/nix/store/sc5p4q3ajvk3586nnrj1iw87698zpgwl-texlive-2024-env-texmfdist/tex/lat
ex/graphics/mathcolor.ltx))
(/nix/store/sc5p4q3ajvk3586nnrj1iw87698zpgwl-texlive-2024-env-texmfdist/tex/gen
eric/pgf/basiclayer/pgfcore.code.tex
(/nix/store/sc5p4q3ajvk3586nnrj1iw87698zpgwl-texlive-2024-env-texmfdist/tex/gen
eric/pgf/math/pgfmath.code.tex
(/nix/store/sc5p4q3ajvk3586nnrj1iw87698zpgwl-texlive-2024-env-texmfdist/tex/gen
eric/pgf/math/pgfmathutil.code.tex)
(/nix/store/sc5p4q3ajvk3586nnrj1iw87698zpgwl-texlive-2024-env-texmfdist/tex/gen
eric/pgf/math/pgfmathparser.code.tex)
(/nix/store/sc5p4q3ajvk3586nnrj1iw87698zpgwl-texlive-2024-env-texmfdist/tex/gen
eric/pgf/math/pgfmathfunctions.code.tex)
(/nix/store/sc5p4q3ajvk3586nnrj1iw87698zpgwl-texlive-2024-env-texmfdist/tex/gen
eric/pgf/math/pgfmathfunctions.basic.code.tex)
(/nix/store/sc5p4q3ajvk3586nnrj1iw87698zpgwl-texlive-2024-env-texmfdist/tex/gen
eric/pgf/math/pgfmathfunctions.trigonometric.code.tex)
(/nix/store/sc5p4q3ajvk3586nnrj1iw87698zpgwl-texlive-2024-env-texmfdist/tex/gen
eric/pgf/math/pgfmathfunctions.random.code.tex)
(/nix/store/sc5p4q3ajvk3586nnrj1iw87698zpgwl-texlive-2024-env-texmfdist/tex/gen
eric/pgf/math/pgfmathfunctions.comparison.code.tex)
(/nix/store/sc5p4q3ajvk3586nnrj1iw87698zpgwl-texlive-2024-env-texmfdist/tex/gen
eric/pgf/math/pgfmathfunctions.base.code.tex)
(/nix/store/sc5p4q3ajvk3586nnrj1iw87698zpgwl-texlive-2024-env-texmfdist/tex/gen
eric/pgf/math/pgfmathfunctions.round.code.tex)
(/nix/store/sc5p4q3ajvk3586nnrj1iw87698zpgwl-texlive-2024-env-texmfdist/tex/gen
eric/pgf/math/pgfmathfunctions.misc.code.tex)
(/nix/store/sc5p4q3ajvk3586nnrj1iw87698zpgwl-texlive-2024-env-texmfdist/tex/gen
eric/pgf/math/pgfmathfunctions.integerarithmetics.code.tex)
(/nix/store/sc5p4q3ajvk3586nnrj1iw87698zpgwl-texlive-2024-env-texmfdist/tex/gen
eric/pgf/math/pgfmathcalc.code.tex)
(/nix/store/sc5p4q3ajvk3586nnrj1iw87698zpgwl-texlive-2024-env-texmfdist/tex/gen
eric/pgf/math/pgfmathfloat.code.tex))
(/nix/store/sc5p4q3ajvk3586nnrj1iw87698zpgwl-texlive-2024-env-texmfdist/tex/gen
eric/pgf/math/pgfint.code.tex)
(/nix/store/sc5p4q3ajvk3586nnrj1iw87698zpgwl-texlive-2024-env-texmfdist/tex/gen
eric/pgf/basiclayer/pgfcorepoints.code.tex)
(/nix/store/sc5p4q3ajvk3586nnrj1iw87698zpgwl-texlive-2024-env-texmfdist/tex/gen
eric/pgf/basiclayer/pgfcorepathconstruct.code.tex)
(/nix/store/sc5p4q3ajvk3586nnrj1iw87698zpgwl-texlive-2024-env-texmfdist/tex/gen
eric/pgf/basiclayer/pgfcorepathusage.code.tex)
(/nix/store/sc5p4q3ajvk3586nnrj1iw87698zpgwl-texlive-2024-env-texmfdist/tex/gen
eric/pgf/basiclayer/pgfcorescopes.code.tex)
(/nix/store/sc5p4q3ajvk3586nnrj1iw87698zpgwl-texlive-2024-env-texmfdist/tex/gen
eric/pgf/basiclayer/pgfcoregraphicstate.code.tex)
(/nix/store/sc5p4q3ajvk3586nnrj1iw87698zpgwl-texlive-2024-env-texmfdist/tex/gen
eric/pgf/basiclayer/pgfcoretransformations.code.tex)
(/nix/store/sc5p4q3ajvk3586nnrj1iw87698zpgwl-texlive-2024-env-texmfdist/tex/gen
eric/pgf/basiclayer/pgfcorequick.code.tex)
(/nix/store/sc5p4q3ajvk3586nnrj1iw87698zpgwl-texlive-2024-env-texmfdist/tex/gen
eric/pgf/basiclayer/pgfcoreobjects.code.tex)
(/nix/store/sc5p4q3ajvk3586nnrj1iw87698zpgwl-texlive-2024-env-texmfdist/tex/gen
eric/pgf/basiclayer/pgfcorepathprocessing.code.tex)
(/nix/store/sc5p4q3ajvk3586nnrj1iw87698zpgwl-texlive-2024-env-texmfdist/tex/gen
eric/pgf/basiclayer/pgfcorearrows.code.tex)
(/nix/store/sc5p4q3ajvk3586nnrj1iw87698zpgwl-texlive-2024-env-texmfdist/tex/gen
eric/pgf/basiclayer/pgfcoreshade.code.tex)
(/nix/store/sc5p4q3ajvk3586nnrj1iw87698zpgwl-texlive-2024-env-texmfdist/tex/gen
eric/pgf/basiclayer/pgfcoreimage.code.tex)
(/nix/store/sc5p4q3ajvk3586nnrj1iw87698zpgwl-texlive-2024-env-texmfdist/tex/gen
eric/pgf/basiclayer/pgfcoreexternal.code.tex)
(/nix/store/sc5p4q3ajvk3586nnrj1iw87698zpgwl-texlive-2024-env-texmfdist/tex/gen
eric/pgf/basiclayer/pgfcorelayers.code.tex)
(/nix/store/sc5p4q3ajvk3586nnrj1iw87698zpgwl-texlive-2024-env-texmfdist/tex/gen
eric/pgf/basiclayer/pgfcoretransparency.code.tex)
(/nix/store/sc5p4q3ajvk3586nnrj1iw87698zpgwl-texlive-2024-env-texmfdist/tex/gen
eric/pgf/basiclayer/pgfcorepatterns.code.tex)
(/nix/store/sc5p4q3ajvk3586nnrj1iw87698zpgwl-texlive-2024-env-texmfdist/tex/gen
eric/pgf/basiclayer/pgfcorerdf.code.tex)))
(/nix/store/sc5p4q3ajvk3586nnrj1iw87698zpgwl-texlive-2024-env-texmfdist/tex/gen
eric/pgf/modules/pgfmoduleshapes.code.tex)
(/nix/store/sc5p4q3ajvk3586nnrj1iw87698zpgwl-texlive-2024-env-texmfdist/tex/gen
eric/pgf/modules/pgfmoduleplot.code.tex)
(/nix/store/sc5p4q3ajvk3586nnrj1iw87698zpgwl-texlive-2024-env-texmfdist/tex/lat
ex/pgf/compatibility/pgfcomp-version-0-65.sty)
(/nix/store/sc5p4q3ajvk3586nnrj1iw87698zpgwl-texlive-2024-env-texmfdist/tex/lat
ex/pgf/compatibility/pgfcomp-version-1-18.sty))
(/nix/store/sc5p4q3ajvk3586nnrj1iw87698zpgwl-texlive-2024-env-texmfdist/tex/lat
ex/pgf/utilities/pgffor.sty
(/nix/store/sc5p4q3ajvk3586nnrj1iw87698zpgwl-texlive-2024-env-texmfdist/tex/lat
ex/pgf/utilities/pgfkeys.sty
(/nix/store/sc5p4q3ajvk3586nnrj1iw87698zpgwl-texlive-2024-env-texmfdist/tex/gen
eric/pgf/utilities/pgfkeys.code.tex))
(/nix/store/sc5p4q3ajvk3586nnrj1iw87698zpgwl-texlive-2024-env-texmfdist/tex/lat
ex/pgf/math/pgfmath.sty
(/nix/store/sc5p4q3ajvk3586nnrj1iw87698zpgwl-texlive-2024-env-texmfdist/tex/gen
eric/pgf/math/pgfmath.code.tex))
(/nix/store/sc5p4q3ajvk3586nnrj1iw87698zpgwl-texlive-2024-env-texmfdist/tex/gen
eric/pgf/utilities/pgffor.code.tex))
(/nix/store/sc5p4q3ajvk3586nnrj1iw87698zpgwl-texlive-2024-env-texmfdist/tex/gen
eric/pgf/frontendlayer/tikz/tikz.code.tex
(/nix/store/sc5p4q3ajvk3586nnrj1iw87698zpgwl-texlive-2024-env-texmfdist/tex/gen
eric/pgf/libraries/pgflibraryplothandlers.code.tex)
(/nix/store/sc5p4q3ajvk3586nnrj1iw87698zpgwl-texlive-2024-env-texmfdist/tex/gen
eric/pgf/modules/pgfmodulematrix.code.tex)
(/nix/store/sc5p4q3ajvk3586nnrj1iw87698zpgwl-texlive-2024-env-texmfdist/tex/gen
eric/pgf/frontendlayer/tikz/libraries/tikzlibrarytopaths.code.tex)))
(/nix/store/sc5p4q3ajvk3586nnrj1iw87698zpgwl-texlive-2024-env-texmfdist/tex/lat
ex/tikz-qtree/pgftree.sty
(/nix/store/sc5p4q3ajvk3586nnrj1iw87698zpgwl-texlive-2024-env-texmfdist/tex/lat
ex/tikz-qtree/pgfsubpic.sty
(/nix/store/sc5p4q3ajvk3586nnrj1iw87698zpgwl-texlive-2024-env-texmfdist/tex/lat
ex/tikz-qtree/pgfsubpic.tex))
(/nix/store/sc5p4q3ajvk3586nnrj1iw87698zpgwl-texlive-2024-env-texmfdist/tex/lat
ex/tikz-qtree/pgftree.tex))
(/nix/store/sc5p4q3ajvk3586nnrj1iw87698zpgwl-texlive-2024-env-texmfdist/tex/lat
ex/tikz-qtree/tikz-qtree.tex))
(/nix/store/sc5p4q3ajvk3586nnrj1iw87698zpgwl-texlive-2024-env-texmfdist/tex/gen
eric/pgf/frontendlayer/tikz/libraries/tikzlibrarytrees.code.tex)
(/nix/store/sc5p4q3ajvk3586nnrj1iw87698zpgwl-texlive-2024-env-texmfdist/tex/lat
ex/l3backend/l3backend-pdftex.def) (results/syntax_tree.aux)
*geometry* driver: auto-detecting
*geometry* detected driver: pdftex

(/nix/store/sc5p4q3ajvk3586nnrj1iw87698zpgwl-texlive-2024-env-texmfdist/tex/con
text/base/mkii/supp-pdf.mkii
[Loading MPS to PDF converter (version 2006.09.02).]
)
(/nix/store/sc5p4q3ajvk3586nnrj1iw87698zpgwl-texlive-2024-env-texmfdist/tex/lat
ex/epstopdf-pkg/epstopdf-base.sty
(/nix/store/sc5p4q3ajvk3586nnrj1iw87698zpgwl-texlive-2024-env-texmfdist/tex/lat
ex/latexconfig/epstopdf-sys.cfg))
[1{/nix/store/5dm6aqic0wy847ly9l1ag6h5v0rf9d7h-texlive-2024-env/share/texmf-var
/fonts/map/pdftex/updmap/pdftex.map}{/nix/store/sc5p4q3ajvk3586nnrj1iw87698zpgw
l-texlive-2024-env-texmfdist/fonts/enc/dvips/cm-super/cm-super-t1.enc}]
[2]
[3]
[4]
[5]
[6]
[7] (results/syntax_tree.aux) )</nix/store/sc5p4q3ajvk3586nnrj1iw87698zpgwl-tex
live-2024-env-texmfdist/fonts/type1/public/cm-super/sfrm0900.pfb></nix/store/sc
5p4q3ajvk3586nnrj1iw87698zpgwl-texlive-2024-env-texmfdist/fonts/type1/public/cm
-super/sfrm1000.pfb>
Output written on results/syntax_tree.pdf (7 pages, 73333 bytes).
Transcript written on results/syntax_tree.log.
