This is pdfTeX, Version 3.14159265-2.6-1.40.20 (TeX Live 2019/Debian) (preloaded format=pdflatex 2024.10.16)  7 NOV 2024 21:09
entering extended mode
 restricted \write18 enabled.
 %&-line parsing enabled.
**result.tex
(./result.tex
LaTeX2e <2020-02-02> patch level 2
L3 programming layer <2020-02-14>
! I can't find file `result.aux'.
\enddocument ...keatletter \@@input \jobname .aux 
                                                  \fi \@dofilelist \ifdim \f...
l.1 \end{document}
                  
(Press Enter to retry, or Control-D to exit)
Please type another input file name: 
! Emergency stop.
\enddocument ...keatletter \@@input \jobname .aux 
                                                  \fi \@dofilelist \ifdim \f...
l.1 \end{document}
                  
End of file on the terminal!

 
Here is how much of TeX's memory you used:
 16 strings out of 481239
 385 string characters out of 5920376
 236563 words of memory out of 5000000
 15384 multiletter control sequences out of 15000+600000
 532338 words of font info for 24 fonts, out of 8000000 for 9000
 1141 hyphenation exceptions out of 8191
 12i,0n,15p,56b,14s stack positions out of 5000i,500n,10000p,200000b,80000s
!  ==> Fatal error occurred, no output PDF file produced!
