This is pdfTeX, Version 3.141592653-2.6-1.40.26 (TeX Live 2024/nixos.org) (preloaded format=pdflatex 1980.1.1)  19 MAY 2025 20:31
entering extended mode
 restricted \write18 enabled.
 %&-line parsing enabled.
**presentation.tex
(./presentation.tex
LaTeX2e <2024-11-01> patch level 2
L3 programming layer <2025-01-18>

(/nix/store/kab81cjb4mqgwbmd5jdyc1b1ippksx3c-texlive-2024-env-texmfdist/tex/lat
ex/beamer/beamer.cls
Document Class: beamer 2025/02/04 v3.72 A class for typesetting presentations

(/nix/store/kab81cjb4mqgwbmd5jdyc1b1ippksx3c-texlive-2024-env-texmfdist/tex/lat
ex/beamer/beamerbasemodes.sty
(/nix/store/kab81cjb4mqgwbmd5jdyc1b1ippksx3c-texlive-2024-env-texmfdist/tex/lat
ex/etoolbox/etoolbox.sty
Package: etoolbox 2025/02/11 v2.5l e-TeX tools for LaTeX (JAW)
\etb@tempcnta=\count196
)
\beamer@tempbox=\box52
\beamer@tempcount=\count197
\c@beamerpauses=\count198

(/nix/store/kab81cjb4mqgwbmd5jdyc1b1ippksx3c-texlive-2024-env-texmfdist/tex/lat
ex/beamer/beamerbasedecode.sty
\beamer@slideinframe=\count199
\beamer@minimum=\count266
\beamer@decode@box=\box53
)
\beamer@commentbox=\box54
\beamer@modecount=\count267
)
(/nix/store/kab81cjb4mqgwbmd5jdyc1b1ippksx3c-texlive-2024-env-texmfdist/tex/gen
eric/iftex/iftex.sty
Package: iftex 2024/12/12 v1.0g TeX engine tests
)
\headdp=\dimen141
\footheight=\dimen142
\sidebarheight=\dimen143
\beamer@tempdim=\dimen144
\beamer@finalheight=\dimen145
\beamer@animht=\dimen146
\beamer@animdp=\dimen147
\beamer@animwd=\dimen148
\beamer@leftmargin=\dimen149
\beamer@rightmargin=\dimen150
\beamer@leftsidebar=\dimen151
\beamer@rightsidebar=\dimen152
\beamer@boxsize=\dimen153
\beamer@vboxoffset=\dimen154
\beamer@descdefault=\dimen155
\beamer@descriptionwidth=\dimen156
\beamer@lastskip=\skip49
\beamer@areabox=\box55
\beamer@animcurrent=\box56
\beamer@animshowbox=\box57
\beamer@sectionbox=\box58
\beamer@logobox=\box59
\beamer@linebox=\box60
\beamer@sectioncount=\count268
\beamer@subsubsectionmax=\count269
\beamer@subsectionmax=\count270
\beamer@sectionmax=\count271
\beamer@totalheads=\count272
\beamer@headcounter=\count273
\beamer@partstartpage=\count274
\beamer@sectionstartpage=\count275
\beamer@subsectionstartpage=\count276
\beamer@animationtempa=\count277
\beamer@animationtempb=\count278
\beamer@xpos=\count279
\beamer@ypos=\count280
\beamer@ypos@offset=\count281
\beamer@showpartnumber=\count282
\beamer@currentsubsection=\count283
\beamer@coveringdepth=\count284
\beamer@sectionadjust=\count285
\beamer@toclastsection=\count286
\beamer@tocsectionnumber=\count287

(/nix/store/kab81cjb4mqgwbmd5jdyc1b1ippksx3c-texlive-2024-env-texmfdist/tex/lat
ex/beamer/beamerbaseoptions.sty
(/nix/store/kab81cjb4mqgwbmd5jdyc1b1ippksx3c-texlive-2024-env-texmfdist/tex/lat
ex/graphics/keyval.sty
Package: keyval 2022/05/29 v1.15 key=value parser (DPC)
\KV@toks@=\toks17
))
\beamer@paperwidth=\skip50
\beamer@paperheight=\skip51

(/nix/store/kab81cjb4mqgwbmd5jdyc1b1ippksx3c-texlive-2024-env-texmfdist/tex/lat
ex/geometry/geometry.sty
Package: geometry 2020/01/02 v5.9 Page Geometry

(/nix/store/kab81cjb4mqgwbmd5jdyc1b1ippksx3c-texlive-2024-env-texmfdist/tex/gen
eric/iftex/ifvtex.sty
Package: ifvtex 2019/10/25 v1.7 ifvtex legacy package. Use iftex instead.
)
\Gm@cnth=\count288
\Gm@cntv=\count289
\c@Gm@tempcnt=\count290
\Gm@bindingoffset=\dimen157
\Gm@wd@mp=\dimen158
\Gm@odd@mp=\dimen159
\Gm@even@mp=\dimen160
\Gm@layoutwidth=\dimen161
\Gm@layoutheight=\dimen162
\Gm@layouthoffset=\dimen163
\Gm@layoutvoffset=\dimen164
\Gm@dimlist=\toks18
)
(/nix/store/kab81cjb4mqgwbmd5jdyc1b1ippksx3c-texlive-2024-env-texmfdist/tex/lat
ex/pgf/math/pgfmath.sty
(/nix/store/kab81cjb4mqgwbmd5jdyc1b1ippksx3c-texlive-2024-env-texmfdist/tex/lat
ex/pgf/utilities/pgfrcs.sty
(/nix/store/kab81cjb4mqgwbmd5jdyc1b1ippksx3c-texlive-2024-env-texmfdist/tex/gen
eric/pgf/utilities/pgfutil-common.tex
\pgfutil@everybye=\toks19
\pgfutil@tempdima=\dimen165
\pgfutil@tempdimb=\dimen166
)
(/nix/store/kab81cjb4mqgwbmd5jdyc1b1ippksx3c-texlive-2024-env-texmfdist/tex/gen
eric/pgf/utilities/pgfutil-latex.def
\pgfutil@abb=\box61
)
(/nix/store/kab81cjb4mqgwbmd5jdyc1b1ippksx3c-texlive-2024-env-texmfdist/tex/gen
eric/pgf/utilities/pgfrcs.code.tex
(/nix/store/kab81cjb4mqgwbmd5jdyc1b1ippksx3c-texlive-2024-env-texmfdist/tex/gen
eric/pgf/pgf.revision.tex)
Package: pgfrcs 2023-01-15 v3.1.10 (3.1.10)
))
(/nix/store/kab81cjb4mqgwbmd5jdyc1b1ippksx3c-texlive-2024-env-texmfdist/tex/lat
ex/pgf/utilities/pgfkeys.sty
(/nix/store/kab81cjb4mqgwbmd5jdyc1b1ippksx3c-texlive-2024-env-texmfdist/tex/gen
eric/pgf/utilities/pgfkeys.code.tex
\pgfkeys@pathtoks=\toks20
\pgfkeys@temptoks=\toks21

(/nix/store/kab81cjb4mqgwbmd5jdyc1b1ippksx3c-texlive-2024-env-texmfdist/tex/gen
eric/pgf/utilities/pgfkeyslibraryfiltered.code.tex
\pgfkeys@tmptoks=\toks22
)))
(/nix/store/kab81cjb4mqgwbmd5jdyc1b1ippksx3c-texlive-2024-env-texmfdist/tex/gen
eric/pgf/math/pgfmath.code.tex
(/nix/store/kab81cjb4mqgwbmd5jdyc1b1ippksx3c-texlive-2024-env-texmfdist/tex/gen
eric/pgf/math/pgfmathutil.code.tex
\pgf@x=\dimen167
\pgf@xa=\dimen168
\pgf@xb=\dimen169
\pgf@xc=\dimen170
\pgf@y=\dimen171
\pgf@ya=\dimen172
\pgf@yb=\dimen173
\pgf@yc=\dimen174
\c@pgf@counta=\count291
\c@pgf@countb=\count292
\c@pgf@countc=\count293
\c@pgf@countd=\count294
)
(/nix/store/kab81cjb4mqgwbmd5jdyc1b1ippksx3c-texlive-2024-env-texmfdist/tex/gen
eric/pgf/math/pgfmathparser.code.tex
\pgfmath@dimen=\dimen175
\pgfmath@count=\count295
\pgfmath@box=\box62
\pgfmath@toks=\toks23
\pgfmath@stack@operand=\toks24
\pgfmath@stack@operation=\toks25
)
(/nix/store/kab81cjb4mqgwbmd5jdyc1b1ippksx3c-texlive-2024-env-texmfdist/tex/gen
eric/pgf/math/pgfmathfunctions.code.tex)
(/nix/store/kab81cjb4mqgwbmd5jdyc1b1ippksx3c-texlive-2024-env-texmfdist/tex/gen
eric/pgf/math/pgfmathfunctions.basic.code.tex)
(/nix/store/kab81cjb4mqgwbmd5jdyc1b1ippksx3c-texlive-2024-env-texmfdist/tex/gen
eric/pgf/math/pgfmathfunctions.trigonometric.code.tex)
(/nix/store/kab81cjb4mqgwbmd5jdyc1b1ippksx3c-texlive-2024-env-texmfdist/tex/gen
eric/pgf/math/pgfmathfunctions.random.code.tex)
(/nix/store/kab81cjb4mqgwbmd5jdyc1b1ippksx3c-texlive-2024-env-texmfdist/tex/gen
eric/pgf/math/pgfmathfunctions.comparison.code.tex)
(/nix/store/kab81cjb4mqgwbmd5jdyc1b1ippksx3c-texlive-2024-env-texmfdist/tex/gen
eric/pgf/math/pgfmathfunctions.base.code.tex)
(/nix/store/kab81cjb4mqgwbmd5jdyc1b1ippksx3c-texlive-2024-env-texmfdist/tex/gen
eric/pgf/math/pgfmathfunctions.round.code.tex)
(/nix/store/kab81cjb4mqgwbmd5jdyc1b1ippksx3c-texlive-2024-env-texmfdist/tex/gen
eric/pgf/math/pgfmathfunctions.misc.code.tex)
(/nix/store/kab81cjb4mqgwbmd5jdyc1b1ippksx3c-texlive-2024-env-texmfdist/tex/gen
eric/pgf/math/pgfmathfunctions.integerarithmetics.code.tex)
(/nix/store/kab81cjb4mqgwbmd5jdyc1b1ippksx3c-texlive-2024-env-texmfdist/tex/gen
eric/pgf/math/pgfmathcalc.code.tex)
(/nix/store/kab81cjb4mqgwbmd5jdyc1b1ippksx3c-texlive-2024-env-texmfdist/tex/gen
eric/pgf/math/pgfmathfloat.code.tex
\c@pgfmathroundto@lastzeros=\count296
)))
(/nix/store/kab81cjb4mqgwbmd5jdyc1b1ippksx3c-texlive-2024-env-texmfdist/tex/lat
ex/base/size11.clo
File: size11.clo 2024/06/29 v1.4n Standard LaTeX file (size option)
)
(/nix/store/kab81cjb4mqgwbmd5jdyc1b1ippksx3c-texlive-2024-env-texmfdist/tex/lat
ex/pgf/basiclayer/pgfcore.sty
(/nix/store/kab81cjb4mqgwbmd5jdyc1b1ippksx3c-texlive-2024-env-texmfdist/tex/lat
ex/graphics/graphicx.sty
Package: graphicx 2021/09/16 v1.2d Enhanced LaTeX Graphics (DPC,SPQR)

(/nix/store/kab81cjb4mqgwbmd5jdyc1b1ippksx3c-texlive-2024-env-texmfdist/tex/lat
ex/graphics/graphics.sty
Package: graphics 2024/08/06 v1.4g Standard LaTeX Graphics (DPC,SPQR)

(/nix/store/kab81cjb4mqgwbmd5jdyc1b1ippksx3c-texlive-2024-env-texmfdist/tex/lat
ex/graphics/trig.sty
Package: trig 2023/12/02 v1.11 sin cos tan (DPC)
)
(/nix/store/kab81cjb4mqgwbmd5jdyc1b1ippksx3c-texlive-2024-env-texmfdist/tex/lat
ex/graphics-cfg/graphics.cfg
File: graphics.cfg 2016/06/04 v1.11 sample graphics configuration
)
Package graphics Info: Driver file: pdftex.def on input line 106.

(/nix/store/kab81cjb4mqgwbmd5jdyc1b1ippksx3c-texlive-2024-env-texmfdist/tex/lat
ex/graphics-def/pdftex.def
File: pdftex.def 2024/04/13 v1.2c Graphics/color driver for pdftex
))
\Gin@req@height=\dimen176
\Gin@req@width=\dimen177
)
(/nix/store/kab81cjb4mqgwbmd5jdyc1b1ippksx3c-texlive-2024-env-texmfdist/tex/lat
ex/pgf/systemlayer/pgfsys.sty
(/nix/store/kab81cjb4mqgwbmd5jdyc1b1ippksx3c-texlive-2024-env-texmfdist/tex/gen
eric/pgf/systemlayer/pgfsys.code.tex
Package: pgfsys 2023-01-15 v3.1.10 (3.1.10)
\pgf@x=\dimen178
\pgf@y=\dimen179
\pgf@xa=\dimen180
\pgf@ya=\dimen181
\pgf@xb=\dimen182
\pgf@yb=\dimen183
\pgf@xc=\dimen184
\pgf@yc=\dimen185
\pgf@xd=\dimen186
\pgf@yd=\dimen187
\w@pgf@writea=\write3
\r@pgf@reada=\read2
\c@pgf@counta=\count297
\c@pgf@countb=\count298
\c@pgf@countc=\count299
\c@pgf@countd=\count300
\t@pgf@toka=\toks26
\t@pgf@tokb=\toks27
\t@pgf@tokc=\toks28
\pgf@sys@id@count=\count301

(/nix/store/kab81cjb4mqgwbmd5jdyc1b1ippksx3c-texlive-2024-env-texmfdist/tex/gen
eric/pgf/systemlayer/pgf.cfg
File: pgf.cfg 2023-01-15 v3.1.10 (3.1.10)
)
Driver file for pgf: pgfsys-pdftex.def

(/nix/store/kab81cjb4mqgwbmd5jdyc1b1ippksx3c-texlive-2024-env-texmfdist/tex/gen
eric/pgf/systemlayer/pgfsys-pdftex.def
File: pgfsys-pdftex.def 2023-01-15 v3.1.10 (3.1.10)

(/nix/store/kab81cjb4mqgwbmd5jdyc1b1ippksx3c-texlive-2024-env-texmfdist/tex/gen
eric/pgf/systemlayer/pgfsys-common-pdf.def
File: pgfsys-common-pdf.def 2023-01-15 v3.1.10 (3.1.10)
)))
(/nix/store/kab81cjb4mqgwbmd5jdyc1b1ippksx3c-texlive-2024-env-texmfdist/tex/gen
eric/pgf/systemlayer/pgfsyssoftpath.code.tex
File: pgfsyssoftpath.code.tex 2023-01-15 v3.1.10 (3.1.10)
\pgfsyssoftpath@smallbuffer@items=\count302
\pgfsyssoftpath@bigbuffer@items=\count303
)
(/nix/store/kab81cjb4mqgwbmd5jdyc1b1ippksx3c-texlive-2024-env-texmfdist/tex/gen
eric/pgf/systemlayer/pgfsysprotocol.code.tex
File: pgfsysprotocol.code.tex 2023-01-15 v3.1.10 (3.1.10)
))
(/nix/store/kab81cjb4mqgwbmd5jdyc1b1ippksx3c-texlive-2024-env-texmfdist/tex/lat
ex/xcolor/xcolor.sty
Package: xcolor 2024/09/29 v3.02 LaTeX color extensions (UK)

(/nix/store/kab81cjb4mqgwbmd5jdyc1b1ippksx3c-texlive-2024-env-texmfdist/tex/lat
ex/graphics-cfg/color.cfg
File: color.cfg 2016/01/02 v1.6 sample color configuration
)
Package xcolor Info: Driver file: pdftex.def on input line 274.

(/nix/store/kab81cjb4mqgwbmd5jdyc1b1ippksx3c-texlive-2024-env-texmfdist/tex/lat
ex/graphics/mathcolor.ltx)
Package xcolor Info: Model `cmy' substituted by `cmy0' on input line 1349.
Package xcolor Info: Model `hsb' substituted by `rgb' on input line 1353.
Package xcolor Info: Model `RGB' extended on input line 1365.
Package xcolor Info: Model `HTML' substituted by `rgb' on input line 1367.
Package xcolor Info: Model `Hsb' substituted by `hsb' on input line 1368.
Package xcolor Info: Model `tHsb' substituted by `hsb' on input line 1369.
Package xcolor Info: Model `HSB' substituted by `hsb' on input line 1370.
Package xcolor Info: Model `Gray' substituted by `gray' on input line 1371.
Package xcolor Info: Model `wave' substituted by `hsb' on input line 1372.
)
(/nix/store/kab81cjb4mqgwbmd5jdyc1b1ippksx3c-texlive-2024-env-texmfdist/tex/gen
eric/pgf/basiclayer/pgfcore.code.tex
Package: pgfcore 2023-01-15 v3.1.10 (3.1.10)

(/nix/store/kab81cjb4mqgwbmd5jdyc1b1ippksx3c-texlive-2024-env-texmfdist/tex/gen
eric/pgf/math/pgfint.code.tex)
(/nix/store/kab81cjb4mqgwbmd5jdyc1b1ippksx3c-texlive-2024-env-texmfdist/tex/gen
eric/pgf/basiclayer/pgfcorepoints.code.tex
File: pgfcorepoints.code.tex 2023-01-15 v3.1.10 (3.1.10)
\pgf@picminx=\dimen188
\pgf@picmaxx=\dimen189
\pgf@picminy=\dimen190
\pgf@picmaxy=\dimen191
\pgf@pathminx=\dimen192
\pgf@pathmaxx=\dimen193
\pgf@pathminy=\dimen194
\pgf@pathmaxy=\dimen195
\pgf@xx=\dimen196
\pgf@xy=\dimen197
\pgf@yx=\dimen198
\pgf@yy=\dimen199
\pgf@zx=\dimen256
\pgf@zy=\dimen257
)
(/nix/store/kab81cjb4mqgwbmd5jdyc1b1ippksx3c-texlive-2024-env-texmfdist/tex/gen
eric/pgf/basiclayer/pgfcorepathconstruct.code.tex
File: pgfcorepathconstruct.code.tex 2023-01-15 v3.1.10 (3.1.10)
\pgf@path@lastx=\dimen258
\pgf@path@lasty=\dimen259
)
(/nix/store/kab81cjb4mqgwbmd5jdyc1b1ippksx3c-texlive-2024-env-texmfdist/tex/gen
eric/pgf/basiclayer/pgfcorepathusage.code.tex
File: pgfcorepathusage.code.tex 2023-01-15 v3.1.10 (3.1.10)
\pgf@shorten@end@additional=\dimen260
\pgf@shorten@start@additional=\dimen261
)
(/nix/store/kab81cjb4mqgwbmd5jdyc1b1ippksx3c-texlive-2024-env-texmfdist/tex/gen
eric/pgf/basiclayer/pgfcorescopes.code.tex
File: pgfcorescopes.code.tex 2023-01-15 v3.1.10 (3.1.10)
\pgfpic=\box63
\pgf@hbox=\box64
\pgf@layerbox@main=\box65
\pgf@picture@serial@count=\count304
)
(/nix/store/kab81cjb4mqgwbmd5jdyc1b1ippksx3c-texlive-2024-env-texmfdist/tex/gen
eric/pgf/basiclayer/pgfcoregraphicstate.code.tex
File: pgfcoregraphicstate.code.tex 2023-01-15 v3.1.10 (3.1.10)
\pgflinewidth=\dimen262
)
(/nix/store/kab81cjb4mqgwbmd5jdyc1b1ippksx3c-texlive-2024-env-texmfdist/tex/gen
eric/pgf/basiclayer/pgfcoretransformations.code.tex
File: pgfcoretransformations.code.tex 2023-01-15 v3.1.10 (3.1.10)
\pgf@pt@x=\dimen263
\pgf@pt@y=\dimen264
\pgf@pt@temp=\dimen265
)
(/nix/store/kab81cjb4mqgwbmd5jdyc1b1ippksx3c-texlive-2024-env-texmfdist/tex/gen
eric/pgf/basiclayer/pgfcorequick.code.tex
File: pgfcorequick.code.tex 2023-01-15 v3.1.10 (3.1.10)
)
(/nix/store/kab81cjb4mqgwbmd5jdyc1b1ippksx3c-texlive-2024-env-texmfdist/tex/gen
eric/pgf/basiclayer/pgfcoreobjects.code.tex
File: pgfcoreobjects.code.tex 2023-01-15 v3.1.10 (3.1.10)
)
(/nix/store/kab81cjb4mqgwbmd5jdyc1b1ippksx3c-texlive-2024-env-texmfdist/tex/gen
eric/pgf/basiclayer/pgfcorepathprocessing.code.tex
File: pgfcorepathprocessing.code.tex 2023-01-15 v3.1.10 (3.1.10)
)
(/nix/store/kab81cjb4mqgwbmd5jdyc1b1ippksx3c-texlive-2024-env-texmfdist/tex/gen
eric/pgf/basiclayer/pgfcorearrows.code.tex
File: pgfcorearrows.code.tex 2023-01-15 v3.1.10 (3.1.10)
\pgfarrowsep=\dimen266
)
(/nix/store/kab81cjb4mqgwbmd5jdyc1b1ippksx3c-texlive-2024-env-texmfdist/tex/gen
eric/pgf/basiclayer/pgfcoreshade.code.tex
File: pgfcoreshade.code.tex 2023-01-15 v3.1.10 (3.1.10)
\pgf@max=\dimen267
\pgf@sys@shading@range@num=\count305
\pgf@shadingcount=\count306
)
(/nix/store/kab81cjb4mqgwbmd5jdyc1b1ippksx3c-texlive-2024-env-texmfdist/tex/gen
eric/pgf/basiclayer/pgfcoreimage.code.tex
File: pgfcoreimage.code.tex 2023-01-15 v3.1.10 (3.1.10)
)
(/nix/store/kab81cjb4mqgwbmd5jdyc1b1ippksx3c-texlive-2024-env-texmfdist/tex/gen
eric/pgf/basiclayer/pgfcoreexternal.code.tex
File: pgfcoreexternal.code.tex 2023-01-15 v3.1.10 (3.1.10)
\pgfexternal@startupbox=\box66
)
(/nix/store/kab81cjb4mqgwbmd5jdyc1b1ippksx3c-texlive-2024-env-texmfdist/tex/gen
eric/pgf/basiclayer/pgfcorelayers.code.tex
File: pgfcorelayers.code.tex 2023-01-15 v3.1.10 (3.1.10)
)
(/nix/store/kab81cjb4mqgwbmd5jdyc1b1ippksx3c-texlive-2024-env-texmfdist/tex/gen
eric/pgf/basiclayer/pgfcoretransparency.code.tex
File: pgfcoretransparency.code.tex 2023-01-15 v3.1.10 (3.1.10)
)
(/nix/store/kab81cjb4mqgwbmd5jdyc1b1ippksx3c-texlive-2024-env-texmfdist/tex/gen
eric/pgf/basiclayer/pgfcorepatterns.code.tex
File: pgfcorepatterns.code.tex 2023-01-15 v3.1.10 (3.1.10)
)
(/nix/store/kab81cjb4mqgwbmd5jdyc1b1ippksx3c-texlive-2024-env-texmfdist/tex/gen
eric/pgf/basiclayer/pgfcorerdf.code.tex
File: pgfcorerdf.code.tex 2023-01-15 v3.1.10 (3.1.10)
)))
(/nix/store/kab81cjb4mqgwbmd5jdyc1b1ippksx3c-texlive-2024-env-texmfdist/tex/lat
ex/pgf/utilities/xxcolor.sty
Package: xxcolor 2003/10/24 ver 0.1
\XC@nummixins=\count307
\XC@countmixins=\count308
)
(/nix/store/kab81cjb4mqgwbmd5jdyc1b1ippksx3c-texlive-2024-env-texmfdist/tex/lat
ex/base/atbegshi-ltx.sty
Package: atbegshi-ltx 2021/01/10 v1.0c Emulation of the original atbegshi
package with kernel methods
)
(/nix/store/kab81cjb4mqgwbmd5jdyc1b1ippksx3c-texlive-2024-env-texmfdist/tex/lat
ex/hyperref/hyperref.sty
Package: hyperref 2024-11-05 v7.01l Hypertext links for LaTeX

(/nix/store/kab81cjb4mqgwbmd5jdyc1b1ippksx3c-texlive-2024-env-texmfdist/tex/lat
ex/kvsetkeys/kvsetkeys.sty
Package: kvsetkeys 2022-10-05 v1.19 Key value parser (HO)
)
(/nix/store/kab81cjb4mqgwbmd5jdyc1b1ippksx3c-texlive-2024-env-texmfdist/tex/gen
eric/kvdefinekeys/kvdefinekeys.sty
Package: kvdefinekeys 2019-12-19 v1.6 Define keys (HO)
)
(/nix/store/kab81cjb4mqgwbmd5jdyc1b1ippksx3c-texlive-2024-env-texmfdist/tex/gen
eric/pdfescape/pdfescape.sty
Package: pdfescape 2019/12/09 v1.15 Implements pdfTeX's escape features (HO)

(/nix/store/kab81cjb4mqgwbmd5jdyc1b1ippksx3c-texlive-2024-env-texmfdist/tex/gen
eric/ltxcmds/ltxcmds.sty
Package: ltxcmds 2023-12-04 v1.26 LaTeX kernel commands for general use (HO)
)
(/nix/store/kab81cjb4mqgwbmd5jdyc1b1ippksx3c-texlive-2024-env-texmfdist/tex/gen
eric/pdftexcmds/pdftexcmds.sty
Package: pdftexcmds 2020-06-27 v0.33 Utility functions of pdfTeX for LuaTeX (HO
)

(/nix/store/kab81cjb4mqgwbmd5jdyc1b1ippksx3c-texlive-2024-env-texmfdist/tex/gen
eric/infwarerr/infwarerr.sty
Package: infwarerr 2019/12/03 v1.5 Providing info/warning/error messages (HO)
)
Package pdftexcmds Info: \pdf@primitive is available.
Package pdftexcmds Info: \pdf@ifprimitive is available.
Package pdftexcmds Info: \pdfdraftmode found.
))
(/nix/store/kab81cjb4mqgwbmd5jdyc1b1ippksx3c-texlive-2024-env-texmfdist/tex/lat
ex/hycolor/hycolor.sty
Package: hycolor 2020-01-27 v1.10 Color options for hyperref/bookmark (HO)
)
(/nix/store/kab81cjb4mqgwbmd5jdyc1b1ippksx3c-texlive-2024-env-texmfdist/tex/lat
ex/hyperref/nameref.sty
Package: nameref 2023-11-26 v2.56 Cross-referencing by name of section

(/nix/store/kab81cjb4mqgwbmd5jdyc1b1ippksx3c-texlive-2024-env-texmfdist/tex/lat
ex/refcount/refcount.sty
Package: refcount 2019/12/15 v3.6 Data extraction from label references (HO)
)
(/nix/store/kab81cjb4mqgwbmd5jdyc1b1ippksx3c-texlive-2024-env-texmfdist/tex/gen
eric/gettitlestring/gettitlestring.sty
Package: gettitlestring 2019/12/15 v1.6 Cleanup title references (HO)

(/nix/store/kab81cjb4mqgwbmd5jdyc1b1ippksx3c-texlive-2024-env-texmfdist/tex/lat
ex/kvoptions/kvoptions.sty
Package: kvoptions 2022-06-15 v3.15 Key value format for package options (HO)
))
\c@section@level=\count309
)
(/nix/store/kab81cjb4mqgwbmd5jdyc1b1ippksx3c-texlive-2024-env-texmfdist/tex/gen
eric/stringenc/stringenc.sty
Package: stringenc 2019/11/29 v1.12 Convert strings between diff. encodings (HO
)
)
\@linkdim=\dimen268
\Hy@linkcounter=\count310
\Hy@pagecounter=\count311

(/nix/store/kab81cjb4mqgwbmd5jdyc1b1ippksx3c-texlive-2024-env-texmfdist/tex/lat
ex/hyperref/pd1enc.def
File: pd1enc.def 2024-11-05 v7.01l Hyperref: PDFDocEncoding definition (HO)
Now handling font encoding PD1 ...
... no UTF-8 mapping file for font encoding PD1
)
(/nix/store/kab81cjb4mqgwbmd5jdyc1b1ippksx3c-texlive-2024-env-texmfdist/tex/gen
eric/intcalc/intcalc.sty
Package: intcalc 2019/12/15 v1.3 Expandable calculations with integers (HO)
)
\Hy@SavedSpaceFactor=\count312

(/nix/store/kab81cjb4mqgwbmd5jdyc1b1ippksx3c-texlive-2024-env-texmfdist/tex/lat
ex/hyperref/puenc.def
File: puenc.def 2024-11-05 v7.01l Hyperref: PDF Unicode definition (HO)
Now handling font encoding PU ...
... no UTF-8 mapping file for font encoding PU
)
Package hyperref Info: Option `bookmarks' set `true' on input line 4040.
Package hyperref Info: Option `bookmarksopen' set `true' on input line 4040.
Package hyperref Info: Option `implicit' set `false' on input line 4040.
Package hyperref Info: Hyper figures OFF on input line 4157.
Package hyperref Info: Link nesting OFF on input line 4162.
Package hyperref Info: Hyper index ON on input line 4165.
Package hyperref Info: Plain pages OFF on input line 4172.
Package hyperref Info: Backreferencing OFF on input line 4177.
Package hyperref Info: Implicit mode OFF; no redefinition of LaTeX internals.
Package hyperref Info: Bookmarks ON on input line 4424.
\c@Hy@tempcnt=\count313

(/nix/store/kab81cjb4mqgwbmd5jdyc1b1ippksx3c-texlive-2024-env-texmfdist/tex/lat
ex/url/url.sty
\Urlmuskip=\muskip17
Package: url 2013/09/16  ver 3.4  Verb mode for urls, etc.
)
LaTeX Info: Redefining \url on input line 4763.
\XeTeXLinkMargin=\dimen269

(/nix/store/kab81cjb4mqgwbmd5jdyc1b1ippksx3c-texlive-2024-env-texmfdist/tex/gen
eric/bitset/bitset.sty
Package: bitset 2019/12/09 v1.3 Handle bit-vector datatype (HO)

(/nix/store/kab81cjb4mqgwbmd5jdyc1b1ippksx3c-texlive-2024-env-texmfdist/tex/gen
eric/bigintcalc/bigintcalc.sty
Package: bigintcalc 2019/12/15 v1.5 Expandable calculations on big integers (HO
)
))
\Fld@menulength=\count314
\Field@Width=\dimen270
\Fld@charsize=\dimen271
Package hyperref Info: Hyper figures OFF on input line 6042.
Package hyperref Info: Link nesting OFF on input line 6047.
Package hyperref Info: Hyper index ON on input line 6050.
Package hyperref Info: backreferencing OFF on input line 6057.
Package hyperref Info: Link coloring OFF on input line 6062.
Package hyperref Info: Link coloring with OCG OFF on input line 6067.
Package hyperref Info: PDF/A mode OFF on input line 6072.
\Hy@abspage=\count315


Package hyperref Message: Stopped early.

)
Package hyperref Info: Driver (autodetected): hpdftex.

(/nix/store/kab81cjb4mqgwbmd5jdyc1b1ippksx3c-texlive-2024-env-texmfdist/tex/lat
ex/hyperref/hpdftex.def
File: hpdftex.def 2024-11-05 v7.01l Hyperref driver for pdfTeX

(/nix/store/kab81cjb4mqgwbmd5jdyc1b1ippksx3c-texlive-2024-env-texmfdist/tex/lat
ex/base/atveryend-ltx.sty
Package: atveryend-ltx 2020/08/19 v1.0a Emulation of the original atveryend pac
kage
with kernel methods
)
\Fld@listcount=\count316
\c@bookmark@seq@number=\count317

(/nix/store/kab81cjb4mqgwbmd5jdyc1b1ippksx3c-texlive-2024-env-texmfdist/tex/lat
ex/rerunfilecheck/rerunfilecheck.sty
Package: rerunfilecheck 2022-07-10 v1.10 Rerun checks for auxiliary files (HO)

(/nix/store/kab81cjb4mqgwbmd5jdyc1b1ippksx3c-texlive-2024-env-texmfdist/tex/gen
eric/uniquecounter/uniquecounter.sty
Package: uniquecounter 2019/12/15 v1.4 Provide unlimited unique counter (HO)
)
Package uniquecounter Info: New unique counter `rerunfilecheck' on input line 2
85.
))
(/nix/store/kab81cjb4mqgwbmd5jdyc1b1ippksx3c-texlive-2024-env-texmfdist/tex/lat
ex/beamer/beamerbaserequires.sty
(/nix/store/kab81cjb4mqgwbmd5jdyc1b1ippksx3c-texlive-2024-env-texmfdist/tex/lat
ex/beamer/beamerbasecompatibility.sty)
(/nix/store/kab81cjb4mqgwbmd5jdyc1b1ippksx3c-texlive-2024-env-texmfdist/tex/lat
ex/beamer/beamerbasefont.sty
(/nix/store/kab81cjb4mqgwbmd5jdyc1b1ippksx3c-texlive-2024-env-texmfdist/tex/lat
ex/amsfonts/amssymb.sty
Package: amssymb 2013/01/14 v3.01 AMS font symbols

(/nix/store/kab81cjb4mqgwbmd5jdyc1b1ippksx3c-texlive-2024-env-texmfdist/tex/lat
ex/amsfonts/amsfonts.sty
Package: amsfonts 2013/01/14 v3.01 Basic AMSFonts support
\@emptytoks=\toks29
\symAMSa=\mathgroup4
\symAMSb=\mathgroup5
LaTeX Font Info:    Redeclaring math symbol \hbar on input line 98.
LaTeX Font Info:    Overwriting math alphabet `\mathfrak' in version `bold'
(Font)                  U/euf/m/n --> U/euf/b/n on input line 106.
))
(/nix/store/kab81cjb4mqgwbmd5jdyc1b1ippksx3c-texlive-2024-env-texmfdist/tex/lat
ex/sansmathaccent/sansmathaccent.sty
Package: sansmathaccent 2020/01/31

(/nix/store/kab81cjb4mqgwbmd5jdyc1b1ippksx3c-texlive-2024-env-texmfdist/tex/lat
ex/koma-script/scrlfile.sty
Package: scrlfile 2024/10/24 v3.43 KOMA-Script package (file load hooks)

(/nix/store/kab81cjb4mqgwbmd5jdyc1b1ippksx3c-texlive-2024-env-texmfdist/tex/lat
ex/koma-script/scrlfile-hook.sty
Package: scrlfile-hook 2024/10/24 v3.43 KOMA-Script package (using LaTeX hooks)


(/nix/store/kab81cjb4mqgwbmd5jdyc1b1ippksx3c-texlive-2024-env-texmfdist/tex/lat
ex/koma-script/scrlogo.sty
Package: scrlogo 2024/10/24 v3.43 KOMA-Script package (logo)
)))))
(/nix/store/kab81cjb4mqgwbmd5jdyc1b1ippksx3c-texlive-2024-env-texmfdist/tex/lat
ex/beamer/beamerbasetranslator.sty
(/nix/store/kab81cjb4mqgwbmd5jdyc1b1ippksx3c-texlive-2024-env-texmfdist/tex/lat
ex/translator/translator.sty
Package: translator 2021-05-31 v1.12d Easy translation of strings in LaTeX
))
(/nix/store/kab81cjb4mqgwbmd5jdyc1b1ippksx3c-texlive-2024-env-texmfdist/tex/lat
ex/beamer/beamerbasemisc.sty)
(/nix/store/kab81cjb4mqgwbmd5jdyc1b1ippksx3c-texlive-2024-env-texmfdist/tex/lat
ex/beamer/beamerbasetwoscreens.sty)
(/nix/store/kab81cjb4mqgwbmd5jdyc1b1ippksx3c-texlive-2024-env-texmfdist/tex/lat
ex/beamer/beamerbaseoverlay.sty
\beamer@argscount=\count318
\beamer@lastskipcover=\skip52
\beamer@trivlistdepth=\count319
)
(/nix/store/kab81cjb4mqgwbmd5jdyc1b1ippksx3c-texlive-2024-env-texmfdist/tex/lat
ex/beamer/beamerbasetitle.sty)
(/nix/store/kab81cjb4mqgwbmd5jdyc1b1ippksx3c-texlive-2024-env-texmfdist/tex/lat
ex/beamer/beamerbasesection.sty
\c@lecture=\count320
\c@part=\count321
\c@section=\count322
\c@subsection=\count323
\c@subsubsection=\count324
)
(/nix/store/kab81cjb4mqgwbmd5jdyc1b1ippksx3c-texlive-2024-env-texmfdist/tex/lat
ex/beamer/beamerbaseframe.sty
\beamer@framebox=\box67
\beamer@frametitlebox=\box68
\beamer@zoombox=\box69
\beamer@zoomcount=\count325
\beamer@zoomframecount=\count326
\beamer@frametextheight=\dimen272
\c@subsectionslide=\count327
\beamer@frametopskip=\skip53
\beamer@framebottomskip=\skip54
\beamer@frametopskipautobreak=\skip55
\beamer@framebottomskipautobreak=\skip56
\beamer@envbody=\toks30
\framewidth=\dimen273
\c@framenumber=\count328
)
(/nix/store/kab81cjb4mqgwbmd5jdyc1b1ippksx3c-texlive-2024-env-texmfdist/tex/lat
ex/beamer/beamerbaseverbatim.sty
\beamer@verbatimfileout=\write4
)
(/nix/store/kab81cjb4mqgwbmd5jdyc1b1ippksx3c-texlive-2024-env-texmfdist/tex/lat
ex/beamer/beamerbaseframesize.sty
\beamer@splitbox=\box70
\beamer@autobreakcount=\count329
\beamer@autobreaklastheight=\dimen274
\beamer@frametitletoks=\toks31
\beamer@framesubtitletoks=\toks32
)
(/nix/store/kab81cjb4mqgwbmd5jdyc1b1ippksx3c-texlive-2024-env-texmfdist/tex/lat
ex/beamer/beamerbaseframecomponents.sty
\beamer@footins=\box71
)
(/nix/store/kab81cjb4mqgwbmd5jdyc1b1ippksx3c-texlive-2024-env-texmfdist/tex/lat
ex/beamer/beamerbasecolor.sty)
(/nix/store/kab81cjb4mqgwbmd5jdyc1b1ippksx3c-texlive-2024-env-texmfdist/tex/lat
ex/beamer/beamerbasenotes.sty
\beamer@frameboxcopy=\box72
)
(/nix/store/kab81cjb4mqgwbmd5jdyc1b1ippksx3c-texlive-2024-env-texmfdist/tex/lat
ex/beamer/beamerbasetoc.sty)
(/nix/store/kab81cjb4mqgwbmd5jdyc1b1ippksx3c-texlive-2024-env-texmfdist/tex/lat
ex/beamer/beamerbasetemplates.sty
\beamer@sbttoks=\toks33

(/nix/store/kab81cjb4mqgwbmd5jdyc1b1ippksx3c-texlive-2024-env-texmfdist/tex/lat
ex/beamer/beamerbaseauxtemplates.sty
(/nix/store/kab81cjb4mqgwbmd5jdyc1b1ippksx3c-texlive-2024-env-texmfdist/tex/lat
ex/beamer/beamerbaseboxes.sty
\bmb@box=\box73
\bmb@colorbox=\box74
\bmb@boxwidth=\dimen275
\bmb@boxheight=\dimen276
\bmb@prevheight=\dimen277
\bmb@temp=\dimen278
\bmb@dima=\dimen279
\bmb@dimb=\dimen280
\bmb@prevheight=\dimen281
)
\beamer@blockheadheight=\dimen282
))
(/nix/store/kab81cjb4mqgwbmd5jdyc1b1ippksx3c-texlive-2024-env-texmfdist/tex/lat
ex/beamer/beamerbaselocalstructure.sty
(/nix/store/kab81cjb4mqgwbmd5jdyc1b1ippksx3c-texlive-2024-env-texmfdist/tex/lat
ex/tools/enumerate.sty
Package: enumerate 2023/07/04 v3.00 enumerate extensions (DPC)
\@enLab=\toks34
)
\beamer@bibiconwidth=\skip57
\c@figure=\count330
\c@table=\count331
\abovecaptionskip=\skip58
\belowcaptionskip=\skip59
)
(/nix/store/kab81cjb4mqgwbmd5jdyc1b1ippksx3c-texlive-2024-env-texmfdist/tex/lat
ex/beamer/beamerbasenavigation.sty
(/nix/store/kab81cjb4mqgwbmd5jdyc1b1ippksx3c-texlive-2024-env-texmfdist/tex/lat
ex/beamer/beamerbasenavigationsymbols.tex)
\beamer@section@min@dim=\dimen283
)
(/nix/store/kab81cjb4mqgwbmd5jdyc1b1ippksx3c-texlive-2024-env-texmfdist/tex/lat
ex/beamer/beamerbasetheorems.sty
(/nix/store/kab81cjb4mqgwbmd5jdyc1b1ippksx3c-texlive-2024-env-texmfdist/tex/lat
ex/amsmath/amsmath.sty
Package: amsmath 2024/11/05 v2.17t AMS math features
\@mathmargin=\skip60

For additional information on amsmath, use the `?' option.

(/nix/store/kab81cjb4mqgwbmd5jdyc1b1ippksx3c-texlive-2024-env-texmfdist/tex/lat
ex/amsmath/amstext.sty
Package: amstext 2021/08/26 v2.01 AMS text

(/nix/store/kab81cjb4mqgwbmd5jdyc1b1ippksx3c-texlive-2024-env-texmfdist/tex/lat
ex/amsmath/amsgen.sty
File: amsgen.sty 1999/11/30 v2.0 generic functions
\@emptytoks=\toks35
\ex@=\dimen284
))
(/nix/store/kab81cjb4mqgwbmd5jdyc1b1ippksx3c-texlive-2024-env-texmfdist/tex/lat
ex/amsmath/amsbsy.sty
Package: amsbsy 1999/11/29 v1.2d Bold Symbols
\pmbraise@=\dimen285
)
(/nix/store/kab81cjb4mqgwbmd5jdyc1b1ippksx3c-texlive-2024-env-texmfdist/tex/lat
ex/amsmath/amsopn.sty
Package: amsopn 2022/04/08 v2.04 operator names
)
\inf@bad=\count332
LaTeX Info: Redefining \frac on input line 233.
\uproot@=\count333
\leftroot@=\count334
LaTeX Info: Redefining \overline on input line 398.
LaTeX Info: Redefining \colon on input line 409.
\classnum@=\count335
\DOTSCASE@=\count336
LaTeX Info: Redefining \ldots on input line 495.
LaTeX Info: Redefining \dots on input line 498.
LaTeX Info: Redefining \cdots on input line 619.
\Mathstrutbox@=\box75
\strutbox@=\box76
LaTeX Info: Redefining \big on input line 721.
LaTeX Info: Redefining \Big on input line 722.
LaTeX Info: Redefining \bigg on input line 723.
LaTeX Info: Redefining \Bigg on input line 724.
\big@size=\dimen286
LaTeX Font Info:    Redeclaring font encoding OML on input line 742.
LaTeX Font Info:    Redeclaring font encoding OMS on input line 743.
\macc@depth=\count337
LaTeX Info: Redefining \bmod on input line 904.
LaTeX Info: Redefining \pmod on input line 909.
LaTeX Info: Redefining \smash on input line 939.
LaTeX Info: Redefining \relbar on input line 969.
LaTeX Info: Redefining \Relbar on input line 970.
\c@MaxMatrixCols=\count338
\dotsspace@=\muskip18
\c@parentequation=\count339
\dspbrk@lvl=\count340
\tag@help=\toks36
\row@=\count341
\column@=\count342
\maxfields@=\count343
\andhelp@=\toks37
\eqnshift@=\dimen287
\alignsep@=\dimen288
\tagshift@=\dimen289
\tagwidth@=\dimen290
\totwidth@=\dimen291
\lineht@=\dimen292
\@envbody=\toks38
\multlinegap=\skip61
\multlinetaggap=\skip62
\mathdisplay@stack=\toks39
LaTeX Info: Redefining \[ on input line 2953.
LaTeX Info: Redefining \] on input line 2954.
)
(/nix/store/kab81cjb4mqgwbmd5jdyc1b1ippksx3c-texlive-2024-env-texmfdist/tex/lat
ex/amscls/amsthm.sty
Package: amsthm 2020/05/29 v2.20.6
\thm@style=\toks40
\thm@bodyfont=\toks41
\thm@headfont=\toks42
\thm@notefont=\toks43
\thm@headpunct=\toks44
\thm@preskip=\skip63
\thm@postskip=\skip64
\thm@headsep=\skip65
\dth@everypar=\toks45
)
\c@theorem=\count344
)
(/nix/store/kab81cjb4mqgwbmd5jdyc1b1ippksx3c-texlive-2024-env-texmfdist/tex/lat
ex/beamer/beamerbasethemes.sty))
(/nix/store/kab81cjb4mqgwbmd5jdyc1b1ippksx3c-texlive-2024-env-texmfdist/tex/lat
ex/beamer/beamerthemedefault.sty
(/nix/store/kab81cjb4mqgwbmd5jdyc1b1ippksx3c-texlive-2024-env-texmfdist/tex/lat
ex/beamer/beamerfontthemedefault.sty)
(/nix/store/kab81cjb4mqgwbmd5jdyc1b1ippksx3c-texlive-2024-env-texmfdist/tex/lat
ex/beamer/beamercolorthemedefault.sty)
(/nix/store/kab81cjb4mqgwbmd5jdyc1b1ippksx3c-texlive-2024-env-texmfdist/tex/lat
ex/beamer/beamerinnerthemedefault.sty
\beamer@dima=\dimen293
\beamer@dimb=\dimen294
)
(/nix/store/kab81cjb4mqgwbmd5jdyc1b1ippksx3c-texlive-2024-env-texmfdist/tex/lat
ex/beamer/beamerouterthemedefault.sty)))
(/nix/store/kab81cjb4mqgwbmd5jdyc1b1ippksx3c-texlive-2024-env-texmfdist/tex/lat
ex/base/inputenc.sty
Package: inputenc 2024/02/08 v1.3d Input encoding file
\inpenc@prehook=\toks46
\inpenc@posthook=\toks47
)
(/nix/store/kab81cjb4mqgwbmd5jdyc1b1ippksx3c-texlive-2024-env-texmfdist/tex/lat
ex/base/fontenc.sty
Package: fontenc 2021/04/29 v2.0v Standard LaTeX package
)
(/nix/store/kab81cjb4mqgwbmd5jdyc1b1ippksx3c-texlive-2024-env-texmfdist/tex/lat
ex/algorithms/algorithm.sty
Package: algorithm 2009/08/24 v0.1 Document Style `algorithm' - floating enviro
nment

(/nix/store/kab81cjb4mqgwbmd5jdyc1b1ippksx3c-texlive-2024-env-texmfdist/tex/lat
ex/float/float.sty
Package: float 2001/11/08 v1.3d Float enhancements (AL)
\c@float@type=\count345
\float@exts=\toks48
\float@box=\box77
\@float@everytoks=\toks49
\@floatcapt=\box78
)
(/nix/store/kab81cjb4mqgwbmd5jdyc1b1ippksx3c-texlive-2024-env-texmfdist/tex/lat
ex/base/ifthen.sty
Package: ifthen 2024/03/16 v1.1e Standard LaTeX ifthen package (DPC)
)
\@float@every@algorithm=\toks50
\c@algorithm=\count346
)
(/nix/store/kab81cjb4mqgwbmd5jdyc1b1ippksx3c-texlive-2024-env-texmfdist/tex/lat
ex/algorithmicx/algpseudocode.sty
Package: algpseudocode 

(/nix/store/kab81cjb4mqgwbmd5jdyc1b1ippksx3c-texlive-2024-env-texmfdist/tex/lat
ex/algorithmicx/algorithmicx.sty
Package: algorithmicx 2005/04/27 v1.2 Algorithmicx

Document Style algorithmicx 1.2 - a greatly improved `algorithmic' style
\c@ALG@line=\count347
\c@ALG@rem=\count348
\c@ALG@nested=\count349
\ALG@tlm=\skip66
\ALG@thistlm=\skip67
\c@ALG@Lnr=\count350
\c@ALG@blocknr=\count351
\c@ALG@storecount=\count352
\c@ALG@tmpcounter=\count353
\ALG@tmplength=\skip68
)
Document Style - pseudocode environments for use with the `algorithmicx' style
)
(/nix/store/kab81cjb4mqgwbmd5jdyc1b1ippksx3c-texlive-2024-env-texmfdist/tex/lat
ex/listings/listings.sty
\lst@mode=\count354
\lst@gtempboxa=\box79
\lst@token=\toks51
\lst@length=\count355
\lst@currlwidth=\dimen295
\lst@column=\count356
\lst@pos=\count357
\lst@lostspace=\dimen296
\lst@width=\dimen297
\lst@newlines=\count358
\lst@lineno=\count359
\lst@maxwidth=\dimen298

(/nix/store/kab81cjb4mqgwbmd5jdyc1b1ippksx3c-texlive-2024-env-texmfdist/tex/lat
ex/listings/lstpatch.sty
File: lstpatch.sty 2024/09/23 1.10c (Carsten Heinz)
)
(/nix/store/kab81cjb4mqgwbmd5jdyc1b1ippksx3c-texlive-2024-env-texmfdist/tex/lat
ex/listings/lstmisc.sty
File: lstmisc.sty 2024/09/23 1.10c (Carsten Heinz)
\c@lstnumber=\count360
\lst@skipnumbers=\count361
\lst@framebox=\box80
)
(/nix/store/kab81cjb4mqgwbmd5jdyc1b1ippksx3c-texlive-2024-env-texmfdist/tex/lat
ex/listings/listings.cfg
File: listings.cfg 2024/09/23 1.10c listings configuration
))
Package: listings 2024/09/23 1.10c (Carsten Heinz)

(/nix/store/kab81cjb4mqgwbmd5jdyc1b1ippksx3c-texlive-2024-env-texmfdist/tex/lat
ex/tikz-qtree/tikz-qtree.sty
(/nix/store/kab81cjb4mqgwbmd5jdyc1b1ippksx3c-texlive-2024-env-texmfdist/tex/lat
ex/pgf/frontendlayer/tikz.sty
(/nix/store/kab81cjb4mqgwbmd5jdyc1b1ippksx3c-texlive-2024-env-texmfdist/tex/lat
ex/pgf/basiclayer/pgf.sty
Package: pgf 2023-01-15 v3.1.10 (3.1.10)

(/nix/store/kab81cjb4mqgwbmd5jdyc1b1ippksx3c-texlive-2024-env-texmfdist/tex/gen
eric/pgf/modules/pgfmoduleshapes.code.tex
File: pgfmoduleshapes.code.tex 2023-01-15 v3.1.10 (3.1.10)
\pgfnodeparttextbox=\box81
)
(/nix/store/kab81cjb4mqgwbmd5jdyc1b1ippksx3c-texlive-2024-env-texmfdist/tex/gen
eric/pgf/modules/pgfmoduleplot.code.tex
File: pgfmoduleplot.code.tex 2023-01-15 v3.1.10 (3.1.10)
)
(/nix/store/kab81cjb4mqgwbmd5jdyc1b1ippksx3c-texlive-2024-env-texmfdist/tex/lat
ex/pgf/compatibility/pgfcomp-version-0-65.sty
Package: pgfcomp-version-0-65 2023-01-15 v3.1.10 (3.1.10)
\pgf@nodesepstart=\dimen299
\pgf@nodesepend=\dimen300
)
(/nix/store/kab81cjb4mqgwbmd5jdyc1b1ippksx3c-texlive-2024-env-texmfdist/tex/lat
ex/pgf/compatibility/pgfcomp-version-1-18.sty
Package: pgfcomp-version-1-18 2023-01-15 v3.1.10 (3.1.10)
))
(/nix/store/kab81cjb4mqgwbmd5jdyc1b1ippksx3c-texlive-2024-env-texmfdist/tex/lat
ex/pgf/utilities/pgffor.sty
(/nix/store/kab81cjb4mqgwbmd5jdyc1b1ippksx3c-texlive-2024-env-texmfdist/tex/gen
eric/pgf/utilities/pgffor.code.tex
Package: pgffor 2023-01-15 v3.1.10 (3.1.10)
\pgffor@iter=\dimen301
\pgffor@skip=\dimen302
\pgffor@stack=\toks52
\pgffor@toks=\toks53
))
(/nix/store/kab81cjb4mqgwbmd5jdyc1b1ippksx3c-texlive-2024-env-texmfdist/tex/gen
eric/pgf/frontendlayer/tikz/tikz.code.tex
Package: tikz 2023-01-15 v3.1.10 (3.1.10)

(/nix/store/kab81cjb4mqgwbmd5jdyc1b1ippksx3c-texlive-2024-env-texmfdist/tex/gen
eric/pgf/libraries/pgflibraryplothandlers.code.tex
File: pgflibraryplothandlers.code.tex 2023-01-15 v3.1.10 (3.1.10)
\pgf@plot@mark@count=\count362
\pgfplotmarksize=\dimen303
)
\tikz@lastx=\dimen304
\tikz@lasty=\dimen305
\tikz@lastxsaved=\dimen306
\tikz@lastysaved=\dimen307
\tikz@lastmovetox=\dimen308
\tikz@lastmovetoy=\dimen309
\tikzleveldistance=\dimen310
\tikzsiblingdistance=\dimen311
\tikz@figbox=\box82
\tikz@figbox@bg=\box83
\tikz@tempbox=\box84
\tikz@tempbox@bg=\box85
\tikztreelevel=\count363
\tikznumberofchildren=\count364
\tikznumberofcurrentchild=\count365
\tikz@fig@count=\count366

(/nix/store/kab81cjb4mqgwbmd5jdyc1b1ippksx3c-texlive-2024-env-texmfdist/tex/gen
eric/pgf/modules/pgfmodulematrix.code.tex
File: pgfmodulematrix.code.tex 2023-01-15 v3.1.10 (3.1.10)
\pgfmatrixcurrentrow=\count367
\pgfmatrixcurrentcolumn=\count368
\pgf@matrix@numberofcolumns=\count369
)
\tikz@expandcount=\count370

(/nix/store/kab81cjb4mqgwbmd5jdyc1b1ippksx3c-texlive-2024-env-texmfdist/tex/gen
eric/pgf/frontendlayer/tikz/libraries/tikzlibrarytopaths.code.tex
File: tikzlibrarytopaths.code.tex 2023-01-15 v3.1.10 (3.1.10)
)))
(/nix/store/kab81cjb4mqgwbmd5jdyc1b1ippksx3c-texlive-2024-env-texmfdist/tex/lat
ex/tikz-qtree/pgftree.sty
(/nix/store/kab81cjb4mqgwbmd5jdyc1b1ippksx3c-texlive-2024-env-texmfdist/tex/lat
ex/tikz-qtree/pgfsubpic.sty
(/nix/store/kab81cjb4mqgwbmd5jdyc1b1ippksx3c-texlive-2024-env-texmfdist/tex/lat
ex/tikz-qtree/pgfsubpic.tex
\pgf@subpicminx=\dimen312
\pgf@subpicminy=\dimen313
\pgf@subpicmaxx=\dimen314
\pgf@subpicmaxy=\dimen315
))
(/nix/store/kab81cjb4mqgwbmd5jdyc1b1ippksx3c-texlive-2024-env-texmfdist/tex/lat
ex/tikz-qtree/pgftree.tex
\levelsep=\dimen316
\subtreesep=\dimen317
\smuggle@levelsep=\dimen318
\smuggle@subtreesep=\dimen319
\this@levelsep=\dimen320
\this@subtreesep=\dimen321
\pgftree@childx=\dimen322
\pgftree@savechildx=\dimen323
\pgftree@childy=\dimen324
\pgftree@savechildy=\dimen325
\pgftree@childi=\count371
\pgftree@savechildi=\count372
\pgftree@level=\count373
\pgftree@depth=\dimen326
\pgf@subpic@hbox@children=\box86
\pgf@subpic@minx@children=\dimen327
\pgf@subpic@miny@children=\dimen328
\pgf@subpic@maxx@children=\dimen329
\pgf@subpic@maxy@children=\dimen330
\pgftree@lastchildx=\dimen331
\pgftree@lastchildy=\dimen332
))
(/nix/store/kab81cjb4mqgwbmd5jdyc1b1ippksx3c-texlive-2024-env-texmfdist/tex/lat
ex/tikz-qtree/tikz-qtree.tex
\@result=\toks54
\child@list=\toks55
\root@node=\toks56
))
(/nix/store/kab81cjb4mqgwbmd5jdyc1b1ippksx3c-texlive-2024-env-texmfdist/tex/gen
eric/pgf/frontendlayer/tikz/libraries/tikzlibrarytrees.code.tex
File: tikzlibrarytrees.code.tex 2023-01-15 v3.1.10 (3.1.10)
)
(/nix/store/kab81cjb4mqgwbmd5jdyc1b1ippksx3c-texlive-2024-env-texmfdist/tex/lat
ex/beamer/beamerthemeBoadilla.sty
(/nix/store/kab81cjb4mqgwbmd5jdyc1b1ippksx3c-texlive-2024-env-texmfdist/tex/lat
ex/beamer/beamercolorthemerose.sty)
(/nix/store/kab81cjb4mqgwbmd5jdyc1b1ippksx3c-texlive-2024-env-texmfdist/tex/lat
ex/beamer/beamerinnerthemerounded.sty)
(/nix/store/kab81cjb4mqgwbmd5jdyc1b1ippksx3c-texlive-2024-env-texmfdist/tex/lat
ex/beamer/beamercolorthemedolphin.sty)
(/nix/store/kab81cjb4mqgwbmd5jdyc1b1ippksx3c-texlive-2024-env-texmfdist/tex/lat
ex/beamer/beamerouterthemeinfolines.sty))
(/nix/store/kab81cjb4mqgwbmd5jdyc1b1ippksx3c-texlive-2024-env-texmfdist/tex/lat
ex/beamer/beamercolorthemeseahorse.sty)
(/nix/store/kab81cjb4mqgwbmd5jdyc1b1ippksx3c-texlive-2024-env-texmfdist/tex/lat
ex/l3backend/l3backend-pdftex.def
File: l3backend-pdftex.def 2024-05-08 L3 backend support: PDF output (pdfTeX)
\l__color_backend_stack_int=\count374
\l__pdf_internal_box=\box87
) (./presentation.aux)
\openout1 = `presentation.aux'.

LaTeX Font Info:    Checking defaults for OML/cmm/m/it on input line 47.
LaTeX Font Info:    ... okay on input line 47.
LaTeX Font Info:    Checking defaults for OMS/cmsy/m/n on input line 47.
LaTeX Font Info:    ... okay on input line 47.
LaTeX Font Info:    Checking defaults for OT1/cmr/m/n on input line 47.
LaTeX Font Info:    ... okay on input line 47.
LaTeX Font Info:    Checking defaults for T1/cmr/m/n on input line 47.
LaTeX Font Info:    ... okay on input line 47.
LaTeX Font Info:    Checking defaults for TS1/cmr/m/n on input line 47.
LaTeX Font Info:    ... okay on input line 47.
LaTeX Font Info:    Checking defaults for OMX/cmex/m/n on input line 47.
LaTeX Font Info:    ... okay on input line 47.
LaTeX Font Info:    Checking defaults for U/cmr/m/n on input line 47.
LaTeX Font Info:    ... okay on input line 47.
LaTeX Font Info:    Checking defaults for PD1/pdf/m/n on input line 47.
LaTeX Font Info:    ... okay on input line 47.
LaTeX Font Info:    Checking defaults for PU/pdf/m/n on input line 47.
LaTeX Font Info:    ... okay on input line 47.

*geometry* driver: auto-detecting
*geometry* detected driver: pdftex
*geometry* verbose mode - [ preamble ] result:
* driver: pdftex
* paper: custom
* layout: <same size as paper>
* layoutoffset:(h,v)=(0.0pt,0.0pt)
* modes: includehead includefoot 
* h-part:(L,W,R)=(10.88002pt, 342.43532pt, 10.88002pt)
* v-part:(T,H,B)=(0.0pt, 273.14662pt, 0.0pt)
* \paperwidth=364.19536pt
* \paperheight=273.14662pt
* \textwidth=342.43532pt
* \textheight=244.6939pt
* \oddsidemargin=-61.38997pt
* \evensidemargin=-61.38997pt
* \topmargin=-72.26999pt
* \headheight=14.22636pt
* \headsep=0.0pt
* \topskip=11.0pt
* \footskip=14.22636pt
* \marginparwidth=4.0pt
* \marginparsep=10.0pt
* \columnsep=10.0pt
* \skip\footins=10.0pt plus 4.0pt minus 2.0pt
* \hoffset=0.0pt
* \voffset=0.0pt
* \mag=1000
* \@twocolumnfalse
* \@twosidefalse
* \@mparswitchfalse
* \@reversemarginfalse
* (1in=72.27pt=25.4mm, 1cm=28.453pt)


(/nix/store/kab81cjb4mqgwbmd5jdyc1b1ippksx3c-texlive-2024-env-texmfdist/tex/con
text/base/mkii/supp-pdf.mkii
[Loading MPS to PDF converter (version 2006.09.02).]
\scratchcounter=\count375
\scratchdimen=\dimen333
\scratchbox=\box88
\nofMPsegments=\count376
\nofMParguments=\count377
\everyMPshowfont=\toks57
\MPscratchCnt=\count378
\MPscratchDim=\dimen334
\MPnumerator=\count379
\makeMPintoPDFobject=\count380
\everyMPtoPDFconversion=\toks58
)
(/nix/store/kab81cjb4mqgwbmd5jdyc1b1ippksx3c-texlive-2024-env-texmfdist/tex/lat
ex/epstopdf-pkg/epstopdf-base.sty
Package: epstopdf-base 2020-01-24 v2.11 Base part for package epstopdf
Package epstopdf-base Info: Redefining graphics rule for `.eps' on input line 4
85.

(/nix/store/kab81cjb4mqgwbmd5jdyc1b1ippksx3c-texlive-2024-env-texmfdist/tex/lat
ex/latexconfig/epstopdf-sys.cfg
File: epstopdf-sys.cfg 2010/07/13 v1.3 Configuration of (r)epstopdf for TeX Liv
e
))
Package hyperref Info: Link coloring OFF on input line 47.
 (./presentation.out) (./presentation.out)
\@outlinefile=\write5
\openout5 = `presentation.out'.

LaTeX Font Info:    Overwriting symbol font `operators' in version `normal'
(Font)                  OT1/cmr/m/n --> OT1/cmss/m/n on input line 47.
LaTeX Font Info:    Overwriting symbol font `operators' in version `bold'
(Font)                  OT1/cmr/bx/n --> OT1/cmss/b/n on input line 47.
\symnumbers=\mathgroup6
\sympureletters=\mathgroup7
LaTeX Font Info:    Overwriting math alphabet `\mathrm' in version `normal'
(Font)                  OT1/cmss/m/n --> T1/cmr/m/n on input line 47.
LaTeX Font Info:    Redeclaring math alphabet \mathbf on input line 47.
LaTeX Font Info:    Overwriting math alphabet `\mathbf' in version `normal'
(Font)                  OT1/cmr/bx/n --> T1/cmss/b/n on input line 47.
LaTeX Font Info:    Overwriting math alphabet `\mathbf' in version `bold'
(Font)                  OT1/cmr/bx/n --> T1/cmss/b/n on input line 47.
LaTeX Font Info:    Redeclaring math alphabet \mathsf on input line 47.
LaTeX Font Info:    Overwriting math alphabet `\mathsf' in version `normal'
(Font)                  OT1/cmss/m/n --> T1/cmss/m/n on input line 47.
LaTeX Font Info:    Overwriting math alphabet `\mathsf' in version `bold'
(Font)                  OT1/cmss/bx/n --> T1/cmss/m/n on input line 47.
LaTeX Font Info:    Redeclaring math alphabet \mathit on input line 47.
LaTeX Font Info:    Overwriting math alphabet `\mathit' in version `normal'
(Font)                  OT1/cmr/m/it --> T1/cmss/m/it on input line 47.
LaTeX Font Info:    Overwriting math alphabet `\mathit' in version `bold'
(Font)                  OT1/cmr/bx/it --> T1/cmss/m/it on input line 47.
LaTeX Font Info:    Redeclaring math alphabet \mathtt on input line 47.
LaTeX Font Info:    Overwriting math alphabet `\mathtt' in version `normal'
(Font)                  OT1/cmtt/m/n --> T1/cmtt/m/n on input line 47.
LaTeX Font Info:    Overwriting math alphabet `\mathtt' in version `bold'
(Font)                  OT1/cmtt/m/n --> T1/cmtt/m/n on input line 47.
LaTeX Font Info:    Overwriting symbol font `numbers' in version `bold'
(Font)                  T1/cmss/m/n --> T1/cmss/b/n on input line 47.
LaTeX Font Info:    Overwriting symbol font `pureletters' in version `bold'
(Font)                  T1/cmss/m/it --> T1/cmss/b/it on input line 47.
LaTeX Font Info:    Overwriting math alphabet `\mathrm' in version `bold'
(Font)                  OT1/cmss/b/n --> T1/cmr/b/n on input line 47.
LaTeX Font Info:    Overwriting math alphabet `\mathbf' in version `bold'
(Font)                  T1/cmss/b/n --> T1/cmss/b/n on input line 47.
LaTeX Font Info:    Overwriting math alphabet `\mathsf' in version `bold'
(Font)                  T1/cmss/m/n --> T1/cmss/b/n on input line 47.
LaTeX Font Info:    Overwriting math alphabet `\mathit' in version `bold'
(Font)                  T1/cmss/m/it --> T1/cmss/b/it on input line 47.
LaTeX Font Info:    Overwriting math alphabet `\mathtt' in version `bold'
(Font)                  T1/cmtt/m/n --> T1/cmtt/b/n on input line 47.
LaTeX Font Info:    Redeclaring symbol font `pureletters' on input line 47.
LaTeX Font Info:    Encoding `T1' has changed to `OT1' for symbol font
(Font)              `pureletters' in the math version `normal' on input line 47
.
LaTeX Font Info:    Overwriting symbol font `pureletters' in version `normal'
(Font)                  T1/cmss/m/it --> OT1/mathkerncmss/m/sl on input line 47
.
LaTeX Font Info:    Encoding `T1' has changed to `OT1' for symbol font
(Font)              `pureletters' in the math version `bold' on input line 47.
LaTeX Font Info:    Overwriting symbol font `pureletters' in version `bold'
(Font)                  T1/cmss/b/it --> OT1/mathkerncmss/m/sl on input line 47
.
LaTeX Font Info:    Overwriting symbol font `pureletters' in version `bold'
(Font)                  OT1/mathkerncmss/m/sl --> OT1/mathkerncmss/bx/sl on inp
ut line 47.

(/nix/store/kab81cjb4mqgwbmd5jdyc1b1ippksx3c-texlive-2024-env-texmfdist/tex/lat
ex/translator/translator-basic-dictionary-English.dict
Dictionary: translator-basic-dictionary, Language: English 
)
(/nix/store/kab81cjb4mqgwbmd5jdyc1b1ippksx3c-texlive-2024-env-texmfdist/tex/lat
ex/translator/translator-bibliography-dictionary-English.dict
Dictionary: translator-bibliography-dictionary, Language: English 
)
(/nix/store/kab81cjb4mqgwbmd5jdyc1b1ippksx3c-texlive-2024-env-texmfdist/tex/lat
ex/translator/translator-environment-dictionary-English.dict
Dictionary: translator-environment-dictionary, Language: English 
)
(/nix/store/kab81cjb4mqgwbmd5jdyc1b1ippksx3c-texlive-2024-env-texmfdist/tex/lat
ex/translator/translator-months-dictionary-English.dict
Dictionary: translator-months-dictionary, Language: English 
)
(/nix/store/kab81cjb4mqgwbmd5jdyc1b1ippksx3c-texlive-2024-env-texmfdist/tex/lat
ex/translator/translator-numbers-dictionary-English.dict
Dictionary: translator-numbers-dictionary, Language: English 
)
(/nix/store/kab81cjb4mqgwbmd5jdyc1b1ippksx3c-texlive-2024-env-texmfdist/tex/lat
ex/translator/translator-theorem-dictionary-English.dict
Dictionary: translator-theorem-dictionary, Language: English 
)
\c@lstlisting=\count381
 (./presentation.nav)
Overfull \hbox (21.38866pt too wide) in paragraph at lines 47--47
 [][][][]  
 []


Overfull \hbox (21.38866pt too wide) in paragraph at lines 55--55
 [][][][]  
 []




Overfull \hbox (21.38866pt too wide) has occurred while \output is active
 [][][][]  
 []

[1

{/nix/store/kwv3q6nxxb3rgyml0nal2q4ln0hnpfhr-texlive-2024-env/share/texmf-var/f
onts/map/pdftex/updmap/pdftex.map}{/nix/store/kab81cjb4mqgwbmd5jdyc1b1ippksx3c-
texlive-2024-env-texmfdist/fonts/enc/dvips/cm-super/cm-super-t1.enc}]
Overfull \hbox (21.38866pt too wide) in paragraph at lines 61--61
 [][][][]  
 []




Overfull \hbox (21.38866pt too wide) has occurred while \output is active
 [][][][]  
 []

[2

]
Overfull \hbox (21.38866pt too wide) in paragraph at lines 66--66
 [][][][]  
 []

(./presentation.toc)


Overfull \hbox (21.38866pt too wide) has occurred while \output is active
 [][][][]  
 []

[3

]
Overfull \hbox (21.38866pt too wide) in paragraph at lines 78--78
 [][][][]  
 []




Overfull \hbox (21.38866pt too wide) has occurred while \output is active
 [][][][]  
 []

[4

]
Overfull \hbox (21.38866pt too wide) in paragraph at lines 89--89
 [][][][]  
 []




Overfull \hbox (21.38866pt too wide) has occurred while \output is active
 [][][][]  
 []

[5

]
Overfull \hbox (21.38866pt too wide) in paragraph at lines 96--96
 [][][][]  
 []




Overfull \hbox (21.38866pt too wide) has occurred while \output is active
 [][][][]  
 []

[6

]
Overfull \hbox (21.38866pt too wide) in paragraph at lines 121--121
 [][][][]  
 []




Overfull \hbox (21.38866pt too wide) has occurred while \output is active
 [][][][]  
 []

[7

]
Overfull \hbox (21.38866pt too wide) in paragraph at lines 136--136
 [][][][]  
 []




Overfull \hbox (21.38866pt too wide) has occurred while \output is active
 [][][][]  
 []

[8

]
Overfull \hbox (21.38866pt too wide) in paragraph at lines 151--151
 [][][][]  
 []




Overfull \hbox (21.38866pt too wide) has occurred while \output is active
 [][][][]  
 []

[9

]
Overfull \hbox (21.38866pt too wide) in paragraph at lines 165--165
 [][][][]  
 []




Overfull \hbox (21.38866pt too wide) has occurred while \output is active
 [][][][]  
 []

[10

]
Overfull \hbox (21.38866pt too wide) in paragraph at lines 177--177
 [][][][]  
 []

LaTeX Font Info:    Trying to load font information for U+msa on input line 177
.

(/nix/store/kab81cjb4mqgwbmd5jdyc1b1ippksx3c-texlive-2024-env-texmfdist/tex/lat
ex/amsfonts/umsa.fd
File: umsa.fd 2013/01/14 v3.01 AMS symbols A
)
LaTeX Font Info:    Trying to load font information for U+msb on input line 177
.

(/nix/store/kab81cjb4mqgwbmd5jdyc1b1ippksx3c-texlive-2024-env-texmfdist/tex/lat
ex/amsfonts/umsb.fd
File: umsb.fd 2013/01/14 v3.01 AMS symbols B
)
LaTeX Font Info:    Trying to load font information for OT1+mathkerncmss on inp
ut line 177.

(/nix/store/kab81cjb4mqgwbmd5jdyc1b1ippksx3c-texlive-2024-env-texmfdist/tex/lat
ex/sansmathaccent/ot1mathkerncmss.fd
File: ot1mathkerncmss.fd 2020/01/31 Fontinst v1.933 font definitions for OT1/ma
thkerncmss.
)


Overfull \hbox (21.38866pt too wide) has occurred while \output is active
 [][][][]  
 []

[11

]
Overfull \hbox (21.38866pt too wide) in paragraph at lines 212--212
 [][][][]  
 []




Overfull \hbox (21.38866pt too wide) has occurred while \output is active
 [][][][]  
 []

[12

]
Overfull \hbox (21.38866pt too wide) in paragraph at lines 226--226
 [][][][]  
 []

! Missing $ inserted.
<inserted text> 
                $
l.226 \end{frame}
                 
? 
! Extra }, or forgotten $.
<template> \unskip \hfil }
                          \hskip \tabcolsep \endtemplate 
l.226 \end{frame}
                 
? 
! Missing $ inserted.
<inserted text> 
                $
l.226 \end{frame}
                 
? 
! Missing } inserted.
<inserted text> 
                }
l.226 \end{frame}
                 
? 
! Missing $ inserted.
<inserted text> 
                $
l.226 \end{frame}
                 
? 
! Extra }, or forgotten $.
<template> \unskip \hfil }
                          \hskip \tabcolsep \hskip -.5\arrayrulewidth \vrule...
l.226 \end{frame}
                 
? 
! Missing $ inserted.
<inserted text> 
                $
l.226 \end{frame}
                 
? 
! Missing } inserted.
<inserted text> 
                }
l.226 \end{frame}
                 
? 
! Missing $ inserted.
<inserted text> 
                $
l.226 \end{frame}
                 
? 
! Extra }, or forgotten $.
<template> \unskip \hfil }
                          \hskip \tabcolsep \endtemplate 
l.226 \end{frame}
                 
? 
! Missing $ inserted.
<inserted text> 
                $
l.226 \end{frame}
                 
? 
! Missing } inserted.
<inserted text> 
                }
l.226 \end{frame}
                 
? 
! Missing $ inserted.
<inserted text> 
                $
l.226 \end{frame}
                 
? 
! Extra }, or forgotten $.
<template> \unskip \hfil }
                          \hskip \tabcolsep \endtemplate 
l.226 \end{frame}
                 
? 
! Missing $ inserted.
<inserted text> 
                $
l.226 \end{frame}
                 
? 
! Missing } inserted.
<inserted text> 
                }
l.226 \end{frame}
                 
? 
! Missing $ inserted.
<inserted text> 
                $
l.226 \end{frame}
                 
? 
! Extra }, or forgotten $.
<template> \unskip \hfil }
                          \hskip \tabcolsep \endtemplate 
l.226 \end{frame}
                 
? 
! Missing $ inserted.
<inserted text> 
                $
l.226 \end{frame}
                 
? 
! Missing } inserted.
<inserted text> 
                }
l.226 \end{frame}
                 
? 
! Missing $ inserted.
<inserted text> 
                $
l.226 \end{frame}
                 
? 
! Extra }, or forgotten $.
<template> \unskip \hfil }
                          \hskip \tabcolsep \endtemplate 
l.226 \end{frame}
                 
? 
! Missing $ inserted.
<inserted text> 
                $
l.226 \end{frame}
                 
? 
! Missing } inserted.
<inserted text> 
                }
l.226 \end{frame}
                 
? 
! Missing $ inserted.
<inserted text> 
                $
l.226 \end{frame}
                 
? 
! Extra }, or forgotten $.
<template> \unskip \hfil }
                          \hskip \tabcolsep \hskip -.5\arrayrulewidth \vrule...
l.226 \end{frame}
                 
? 
! Missing $ inserted.
<inserted text> 
                $
l.226 \end{frame}
                 
? 
! Missing } inserted.
<inserted text> 
                }
l.226 \end{frame}
                 
? 
! Missing $ inserted.
<inserted text> 
                $
l.226 \end{frame}
                 
? 
! Extra }, or forgotten $.
<template> \unskip \hfil }
                          \hskip \tabcolsep \endtemplate 
l.226 \end{frame}
                 
? 
! Missing $ inserted.
<inserted text> 
                $
l.226 \end{frame}
                 
? 
! Missing } inserted.
<inserted text> 
                }
l.226 \end{frame}
                 
? 
! Missing $ inserted.
<inserted text> 
                $
l.226 \end{frame}
                 
? 
! Extra }, or forgotten $.
<template> \unskip \hfil }
                          \hskip \tabcolsep \endtemplate 
l.226 \end{frame}
                 
? 
! Missing $ inserted.
<inserted text> 
                $
l.226 \end{frame}
                 
? 
! Missing } inserted.
<inserted text> 
                }
l.226 \end{frame}
                 
? 
! Missing $ inserted.
<inserted text> 
                $
l.226 \end{frame}
                 
? 
! Extra }, or forgotten $.
<template> \unskip \hfil }
                          \hskip \tabcolsep \endtemplate 
l.226 \end{frame}
                 
? 
! Missing $ inserted.
<inserted text> 
                $
l.226 \end{frame}
                 
? 
! Missing } inserted.
<inserted text> 
                }
l.226 \end{frame}
                 
? 
! Missing $ inserted.
<inserted text> 
                $
l.226 \end{frame}
                 
? 
! Extra }, or forgotten $.
<template> \unskip \hfil }
                          \hskip \tabcolsep \endtemplate 
l.226 \end{frame}
                 
? 
! Missing $ inserted.
<inserted text> 
                $
l.226 \end{frame}
                 
? 
! Missing } inserted.
<inserted text> 
                }
l.226 \end{frame}
                 
? 
! Missing $ inserted.
<inserted text> 
                $
l.226 \end{frame}
                 
? 
! Extra }, or forgotten $.
<template> \unskip \hfil }
                          \hskip \tabcolsep \endtemplate 
l.226 \end{frame}
                 
? 
! Missing $ inserted.
<inserted text> 
                $
l.226 \end{frame}
                 
? 
! Missing } inserted.
<inserted text> 
                }
l.226 \end{frame}
                 
? 
! Missing $ inserted.
<inserted text> 
                $
l.226 \end{frame}
                 
? 
! Extra }, or forgotten $.
<template> \unskip \hfil }
                          \hskip \tabcolsep \endtemplate 
l.226 \end{frame}
                 
? 
! Missing $ inserted.
<inserted text> 
                $
l.226 \end{frame}
                 
? 
! Missing } inserted.
<inserted text> 
                }
l.226 \end{frame}
                 
? 
! Missing $ inserted.
<inserted text> 
                $
l.226 \end{frame}
                 
? 
! Extra }, or forgotten $.
<template> \unskip \hfil }
                          \hskip \tabcolsep \endtemplate 
l.226 \end{frame}
                 
? 
! Missing $ inserted.
<inserted text> 
                $
l.226 \end{frame}
                 
? 
! Missing } inserted.
<inserted text> 
                }
l.226 \end{frame}
                 
? 
! Missing $ inserted.
<inserted text> 
                $
l.226 \end{frame}
                 
? 
! Extra }, or forgotten $.
<template> \unskip \hfil }
                          \hskip \tabcolsep \endtemplate 
l.226 \end{frame}
                 
? 
! Missing $ inserted.
<inserted text> 
                $
l.226 \end{frame}
                 
? 
! Missing } inserted.
<inserted text> 
                }
l.226 \end{frame}
                 
? 
! Missing $ inserted.
<inserted text> 
                $
l.226 \end{frame}
                 
? 
! Extra }, or forgotten $.
<template> \unskip \hfil }
                          \hskip \tabcolsep \endtemplate 
l.226 \end{frame}
                 
? 
! Missing $ inserted.
<inserted text> 
                $
l.226 \end{frame}
                 
? 
! Missing } inserted.
<inserted text> 
                }
l.226 \end{frame}
                 
? 
! Missing $ inserted.
<inserted text> 
                $
l.226 \end{frame}
                 
? 
! Extra }, or forgotten $.
<template> \unskip \hfil }
                          \hskip \tabcolsep \endtemplate 
l.226 \end{frame}
                 
? 
! Missing $ inserted.
<inserted text> 
                $
l.226 \end{frame}
                 
? 
! Missing } inserted.
<inserted text> 
                }
l.226 \end{frame}
                 
? 
! Missing $ inserted.
<inserted text> 
                $
l.226 \end{frame}
                 
? 
! Extra }, or forgotten $.
<template> \unskip \hfil }
                          \hskip \tabcolsep \endtemplate 
l.226 \end{frame}
                 
? 
! Missing $ inserted.
<inserted text> 
                $
l.226 \end{frame}
                 
? 
! Missing } inserted.
<inserted text> 
                }
l.226 \end{frame}
                 
? 
! Missing $ inserted.
<inserted text> 
                $
l.226 \end{frame}
                 
? 
! Extra }, or forgotten $.
<template> \unskip \hfil }
                          \hskip \tabcolsep \endtemplate 
l.226 \end{frame}
                 
? 
! Missing $ inserted.
<inserted text> 
                $
l.226 \end{frame}
                 
? 
! Missing } inserted.
<inserted text> 
                }
l.226 \end{frame}
                 
? 
! Missing $ inserted.
<inserted text> 
                $
l.226 \end{frame}
                 
? 
! Extra }, or forgotten $.
<template> \unskip \hfil }
                          \hskip \tabcolsep \endtemplate 
l.226 \end{frame}
                 
? 
! Missing $ inserted.
<inserted text> 
                $
l.226 \end{frame}
                 
? 
! Missing } inserted.
<inserted text> 
                }
l.226 \end{frame}
                 
? 
! Missing $ inserted.
<inserted text> 
                $
l.226 \end{frame}
                 
? 
! Extra }, or forgotten $.
<template> \unskip \hfil }
                          \hskip \tabcolsep \endtemplate 
l.226 \end{frame}
                 
? 
! Missing $ inserted.
<inserted text> 
                $
l.226 \end{frame}
                 
? 
! Missing } inserted.
<inserted text> 
                }
l.226 \end{frame}
                 
? 
! Missing $ inserted.
<inserted text> 
                $
l.226 \end{frame}
                 
? 
! Extra }, or forgotten $.
<template> \unskip \hfil }
                          \hskip \tabcolsep \endtemplate 
l.226 \end{frame}
                 
? 
! Missing $ inserted.
<inserted text> 
                $
l.226 \end{frame}
                 
? 
! Missing } inserted.
<inserted text> 
                }
l.226 \end{frame}
                 
? 
! Missing $ inserted.
<inserted text> 
                $
l.226 \end{frame}
                 
? 
! Extra }, or forgotten $.
<template> \unskip \hfil }
                          \hskip \tabcolsep \endtemplate 
l.226 \end{frame}
                 
? 
! Missing $ inserted.
<inserted text> 
                $
l.226 \end{frame}
                 
? 
! Missing } inserted.
<inserted text> 
                }
l.226 \end{frame}
                 
? 
! Missing $ inserted.
<inserted text> 
                $
l.226 \end{frame}
                 
? 
! Extra }, or forgotten $.
<template> \unskip \hfil }
                          \hskip \tabcolsep \endtemplate 
l.226 \end{frame}
                 
? 
! Missing $ inserted.
<inserted text> 
                $
l.226 \end{frame}
                 
? 
! Missing } inserted.
<inserted text> 
                }
l.226 \end{frame}
                 
? 
! Missing $ inserted.
<inserted text> 
                $
l.226 \end{frame}
                 
? 
! Extra }, or forgotten $.
<template> \unskip \hfil }
                          \hskip \tabcolsep \endtemplate 
l.226 \end{frame}
                 
? 
! Missing $ inserted.
<inserted text> 
                $
l.226 \end{frame}
                 
? 
! Missing } inserted.
<inserted text> 
                }
l.226 \end{frame}
                 
? 
! Missing $ inserted.
<inserted text> 
                $
l.226 \end{frame}
                 
? 
! Extra }, or forgotten $.
<template> \unskip \hfil }
                          \hskip \tabcolsep \endtemplate 
l.226 \end{frame}
                 
? 
! Missing $ inserted.
<inserted text> 
                $
l.226 \end{frame}
                 
? 
! Missing } inserted.
<inserted text> 
                }
l.226 \end{frame}
                 
? 
! Missing $ inserted.
<inserted text> 
                $
l.226 \end{frame}
                 
? 
! Extra }, or forgotten $.
<template> \unskip \hfil }
                          \hskip \tabcolsep \endtemplate 
l.226 \end{frame}
                 
? 
! Missing $ inserted.
<inserted text> 
                $
l.226 \end{frame}
                 
? 
! Missing } inserted.
<inserted text> 
                }
l.226 \end{frame}
                 
? 
! Missing $ inserted.
<inserted text> 
                $
l.226 \end{frame}
                 
? 
! Extra }, or forgotten $.
<template> \unskip \hfil }
                          \hskip \tabcolsep \endtemplate 
l.226 \end{frame}
                 
? 
! Missing $ inserted.
<inserted text> 
                $
l.226 \end{frame}
                 
? 
! Missing } inserted.
<inserted text> 
                }
l.226 \end{frame}
                 
? 
! Missing $ inserted.
<inserted text> 
                $
l.226 \end{frame}
                 
? 
! Extra }, or forgotten $.
<template> \unskip \hfil }
                          \hskip \tabcolsep \endtemplate 
l.226 \end{frame}
                 
? 
! Missing $ inserted.
<inserted text> 
                $
l.226 \end{frame}
                 
? 
! Missing } inserted.
<inserted text> 
                }
l.226 \end{frame}
                 
? 



Overfull \hbox (21.38866pt too wide) has occurred while \output is active
 [][][][]  
 []

[13

]
Overfull \hbox (21.38866pt too wide) in paragraph at lines 259--259
 [][][][]  
 []




Overfull \hbox (21.38866pt too wide) has occurred while \output is active
 [][][][]  
 []

[14

]
Overfull \hbox (21.38866pt too wide) in paragraph at lines 279--279
 [][][][]  
 []




Overfull \hbox (21.38866pt too wide) has occurred while \output is active
 [][][][]  
 []

[15

]
Overfull \hbox (21.38866pt too wide) in paragraph at lines 282--282
 [][][][]  
 []

\openout4 = `presentation.vrb'.


Overfull \hbox (21.38866pt too wide) in paragraph at lines 303--303
 [][][][]  
 []

(./presentation.vrb
(/nix/store/kab81cjb4mqgwbmd5jdyc1b1ippksx3c-texlive-2024-env-texmfdist/tex/lat
ex/listings/lstlang1.sty
File: lstlang1.sty 2024/09/23 1.10c listings language file
)
(/nix/store/kab81cjb4mqgwbmd5jdyc1b1ippksx3c-texlive-2024-env-texmfdist/tex/lat
ex/listings/lstmisc.sty
File: lstmisc.sty 2024/09/23 1.10c (Carsten Heinz)
))


Overfull \hbox (21.38866pt too wide) has occurred while \output is active
 [][][][]  
 []

[16

]
\tf@nav=\write6
\openout6 = `presentation.nav'.

\tf@toc=\write7
\openout7 = `presentation.toc'.

\tf@snm=\write8
\openout8 = `presentation.snm'.

 (./presentation.aux)
 ***********
LaTeX2e <2024-11-01> patch level 2
L3 programming layer <2025-01-18>
 ***********
Package rerunfilecheck Info: File `presentation.out' has not changed.
(rerunfilecheck)             Checksum: E6A395B8F76740A34836D617CC661868;935.
 ) 
Here is how much of TeX's memory you used:
 28879 strings out of 473203
 575755 string characters out of 5692202
 1307198 words of memory out of 5000000
 51523 multiletter control sequences out of 15000+600000
 571458 words of font info for 67 fonts, out of 8000000 for 9000
 1141 hyphenation exceptions out of 8191
 128i,15n,123p,414b,1299s stack positions out of 10000i,1000n,20000p,200000b,200000s
</nix/store/kab81cjb4mqgwbmd5jdyc1b1ippksx3c-texlive-2024-env-texmfdist/fonts
/type1/public/amsfonts/cm/cmmi10.pfb></nix/store/kab81cjb4mqgwbmd5jdyc1b1ippksx
3c-texlive-2024-env-texmfdist/fonts/type1/public/amsfonts/cm/cmss10.pfb></nix/s
tore/kab81cjb4mqgwbmd5jdyc1b1ippksx3c-texlive-2024-env-texmfdist/fonts/type1/pu
blic/amsfonts/cm/cmssi10.pfb></nix/store/kab81cjb4mqgwbmd5jdyc1b1ippksx3c-texli
ve-2024-env-texmfdist/fonts/type1/public/amsfonts/cm/cmssi8.pfb></nix/store/kab
81cjb4mqgwbmd5jdyc1b1ippksx3c-texlive-2024-env-texmfdist/fonts/type1/public/ams
fonts/cm/cmsy10.pfb></nix/store/kab81cjb4mqgwbmd5jdyc1b1ippksx3c-texlive-2024-e
nv-texmfdist/fonts/type1/public/cm-super/sfss0600.pfb></nix/store/kab81cjb4mqgw
bmd5jdyc1b1ippksx3c-texlive-2024-env-texmfdist/fonts/type1/public/cm-super/sfss
0800.pfb></nix/store/kab81cjb4mqgwbmd5jdyc1b1ippksx3c-texlive-2024-env-texmfdis
t/fonts/type1/public/cm-super/sfss0900.pfb></nix/store/kab81cjb4mqgwbmd5jdyc1b1
ippksx3c-texlive-2024-env-texmfdist/fonts/type1/public/cm-super/sfss1095.pfb></
nix/store/kab81cjb4mqgwbmd5jdyc1b1ippksx3c-texlive-2024-env-texmfdist/fonts/typ
e1/public/cm-super/sfss1440.pfb></nix/store/kab81cjb4mqgwbmd5jdyc1b1ippksx3c-te
xlive-2024-env-texmfdist/fonts/type1/public/cm-super/sfss2074.pfb></nix/store/k
ab81cjb4mqgwbmd5jdyc1b1ippksx3c-texlive-2024-env-texmfdist/fonts/type1/public/c
m-super/sfsx1095.pfb></nix/store/kab81cjb4mqgwbmd5jdyc1b1ippksx3c-texlive-2024-
env-texmfdist/fonts/type1/public/cm-super/sftt0800.pfb>
Output written on presentation.pdf (16 pages, 197349 bytes).
PDF statistics:
 584 PDF objects out of 1000 (max. 8388607)
 502 compressed objects within 6 object streams
 40 named destinations out of 1000 (max. 500000)
 139 words of extra memory for PDF output out of 10000 (max. 10000000)

